{"src/marionette.bindEntityEvents.js":{"path":"src/marionette.bindEntityEvents.js","s":{"1":1,"2":1,"3":47,"4":47,"5":53,"6":53,"7":2,"8":51,"9":1,"10":37,"11":1,"12":55,"13":55,"14":61,"15":61,"16":1,"17":39,"18":1,"19":4657,"20":4489,"21":168,"22":1,"23":167,"24":14,"25":167,"26":178,"27":76,"28":102,"29":1,"30":2311,"31":1,"32":2346,"33":1,"34":2295,"35":1,"36":2335},"b":{"1":[2,51],"2":[4489,168],"3":[4657,1962],"4":[1,167],"5":[168,154],"6":[14,153],"7":[76,102]},"f":{"1":1,"2":47,"3":53,"4":37,"5":55,"6":61,"7":39,"8":4657,"9":178,"10":2311,"11":2346,"12":2295,"13":2335},"fnMap":{"1":{"name":"(anonymous_1)","line":19,"loc":{"start":{"line":19,"column":1},"end":{"line":19,"column":22}}},"2":{"name":"bindFromStrings","line":24,"loc":{"start":{"line":24,"column":2},"end":{"line":24,"column":57}}},"3":{"name":"(anonymous_3)","line":27,"loc":{"start":{"line":27,"column":24},"end":{"line":27,"column":45}}},"4":{"name":"bindToFunction","line":40,"loc":{"start":{"line":40,"column":2},"end":{"line":40,"column":55}}},"5":{"name":"unbindFromStrings","line":46,"loc":{"start":{"line":46,"column":2},"end":{"line":46,"column":59}}},"6":{"name":"(anonymous_6)","line":49,"loc":{"start":{"line":49,"column":24},"end":{"line":49,"column":45}}},"7":{"name":"unbindToFunction","line":56,"loc":{"start":{"line":56,"column":2},"end":{"line":56,"column":57}}},"8":{"name":"iterateEvents","line":62,"loc":{"start":{"line":62,"column":2},"end":{"line":62,"column":85}}},"9":{"name":"(anonymous_9)","line":79,"loc":{"start":{"line":79,"column":21},"end":{"line":79,"column":44}}},"10":{"name":"(anonymous_10)","line":93,"loc":{"start":{"line":93,"column":32},"end":{"line":93,"column":67}}},"11":{"name":"(anonymous_11)","line":97,"loc":{"start":{"line":97,"column":34},"end":{"line":97,"column":69}}},"12":{"name":"(anonymous_12)","line":102,"loc":{"start":{"line":102,"column":37},"end":{"line":102,"column":64}}},"13":{"name":"(anonymous_13)","line":107,"loc":{"start":{"line":107,"column":39},"end":{"line":107,"column":66}}}},"statementMap":{"1":{"start":{"line":19,"column":0},"end":{"line":110,"column":15}},"2":{"start":{"line":24,"column":2},"end":{"line":37,"column":3}},"3":{"start":{"line":25,"column":4},"end":{"line":25,"column":43}},"4":{"start":{"line":27,"column":4},"end":{"line":36,"column":7}},"5":{"start":{"line":29,"column":6},"end":{"line":29,"column":38}},"6":{"start":{"line":30,"column":6},"end":{"line":33,"column":7}},"7":{"start":{"line":31,"column":8},"end":{"line":32,"column":71}},"8":{"start":{"line":35,"column":6},"end":{"line":35,"column":43}},"9":{"start":{"line":40,"column":2},"end":{"line":42,"column":3}},"10":{"start":{"line":41,"column":4},"end":{"line":41,"column":41}},"11":{"start":{"line":46,"column":2},"end":{"line":53,"column":3}},"12":{"start":{"line":47,"column":4},"end":{"line":47,"column":43}},"13":{"start":{"line":49,"column":4},"end":{"line":52,"column":7}},"14":{"start":{"line":50,"column":6},"end":{"line":50,"column":38}},"15":{"start":{"line":51,"column":6},"end":{"line":51,"column":48}},"16":{"start":{"line":56,"column":2},"end":{"line":58,"column":3}},"17":{"start":{"line":57,"column":4},"end":{"line":57,"column":46}},"18":{"start":{"line":62,"column":2},"end":{"line":90,"column":3}},"19":{"start":{"line":63,"column":4},"end":{"line":63,"column":41}},"20":{"start":{"line":63,"column":32},"end":{"line":63,"column":39}},"21":{"start":{"line":66,"column":4},"end":{"line":71,"column":5}},"22":{"start":{"line":67,"column":6},"end":{"line":70,"column":9}},"23":{"start":{"line":74,"column":4},"end":{"line":76,"column":5}},"24":{"start":{"line":75,"column":6},"end":{"line":75,"column":39}},"25":{"start":{"line":79,"column":4},"end":{"line":89,"column":7}},"26":{"start":{"line":83,"column":6},"end":{"line":87,"column":7}},"27":{"start":{"line":84,"column":8},"end":{"line":84,"column":55}},"28":{"start":{"line":86,"column":8},"end":{"line":86,"column":53}},"29":{"start":{"line":93,"column":2},"end":{"line":95,"column":4}},"30":{"start":{"line":94,"column":4},"end":{"line":94,"column":77}},"31":{"start":{"line":97,"column":2},"end":{"line":99,"column":4}},"32":{"start":{"line":98,"column":4},"end":{"line":98,"column":81}},"33":{"start":{"line":102,"column":2},"end":{"line":104,"column":4}},"34":{"start":{"line":103,"column":4},"end":{"line":103,"column":63}},"35":{"start":{"line":107,"column":2},"end":{"line":109,"column":4}},"36":{"start":{"line":108,"column":4},"end":{"line":108,"column":65}}},"branchMap":{"1":{"line":30,"type":"if","locations":[{"start":{"line":30,"column":6},"end":{"line":30,"column":6}},{"start":{"line":30,"column":6},"end":{"line":30,"column":6}}]},"2":{"line":63,"type":"if","locations":[{"start":{"line":63,"column":4},"end":{"line":63,"column":4}},{"start":{"line":63,"column":4},"end":{"line":63,"column":4}}]},"3":{"line":63,"type":"binary-expr","locations":[{"start":{"line":63,"column":8},"end":{"line":63,"column":15}},{"start":{"line":63,"column":19},"end":{"line":63,"column":28}}]},"4":{"line":66,"type":"if","locations":[{"start":{"line":66,"column":4},"end":{"line":66,"column":4}},{"start":{"line":66,"column":4},"end":{"line":66,"column":4}}]},"5":{"line":66,"type":"binary-expr","locations":[{"start":{"line":66,"column":8},"end":{"line":66,"column":31}},{"start":{"line":66,"column":35},"end":{"line":66,"column":56}}]},"6":{"line":74,"type":"if","locations":[{"start":{"line":74,"column":4},"end":{"line":74,"column":4}},{"start":{"line":74,"column":4},"end":{"line":74,"column":4}}]},"7":{"line":83,"type":"if","locations":[{"start":{"line":83,"column":6},"end":{"line":83,"column":6}},{"start":{"line":83,"column":6},"end":{"line":83,"column":6}}]}}},"src/marionette.callbacks.js":{"path":"src/marionette.callbacks.js","s":{"1":1,"2":377,"3":377,"4":1,"5":180,"6":180,"7":180,"8":71,"9":1,"10":71,"11":107,"12":62,"13":62,"14":62,"15":62,"16":32},"b":{"1":[1,70]},"f":{"1":377,"2":180,"3":71,"4":107,"5":62,"6":32},"fnMap":{"1":{"name":"(anonymous_1)","line":7,"loc":{"start":{"line":7,"column":23},"end":{"line":7,"column":34}}},"2":{"name":"(anonymous_2)","line":17,"loc":{"start":{"line":17,"column":7},"end":{"line":17,"column":43}}},"3":{"name":"(anonymous_3)","line":22,"loc":{"start":{"line":22,"column":17},"end":{"line":22,"column":32}}},"4":{"name":"(anonymous_4)","line":31,"loc":{"start":{"line":31,"column":7},"end":{"line":31,"column":34}}},"5":{"name":"(anonymous_5)","line":40,"loc":{"start":{"line":40,"column":9},"end":{"line":40,"column":20}}},"6":{"name":"(anonymous_6)","line":45,"loc":{"start":{"line":45,"column":22},"end":{"line":45,"column":35}}}},"statementMap":{"1":{"start":{"line":7,"column":0},"end":{"line":10,"column":2}},"2":{"start":{"line":8,"column":2},"end":{"line":8,"column":41}},"3":{"start":{"line":9,"column":2},"end":{"line":9,"column":23}},"4":{"start":{"line":12,"column":0},"end":{"line":49,"column":3}},"5":{"start":{"line":18,"column":4},"end":{"line":18,"column":54}},"6":{"start":{"line":20,"column":4},"end":{"line":20,"column":63}},"7":{"start":{"line":22,"column":4},"end":{"line":25,"column":7}},"8":{"start":{"line":23,"column":6},"end":{"line":23,"column":61}},"9":{"start":{"line":23,"column":28},"end":{"line":23,"column":59}},"10":{"start":{"line":24,"column":6},"end":{"line":24,"column":48}},"11":{"start":{"line":32,"column":4},"end":{"line":35,"column":7}},"12":{"start":{"line":41,"column":4},"end":{"line":41,"column":36}},"13":{"start":{"line":42,"column":4},"end":{"line":42,"column":43}},"14":{"start":{"line":43,"column":4},"end":{"line":43,"column":25}},"15":{"start":{"line":45,"column":4},"end":{"line":47,"column":13}},"16":{"start":{"line":46,"column":6},"end":{"line":46,"column":30}}},"branchMap":{"1":{"line":23,"type":"if","locations":[{"start":{"line":23,"column":6},"end":{"line":23,"column":6}},{"start":{"line":23,"column":6},"end":{"line":23,"column":6}}]}}},"src/marionette.triggermethod.js":{"path":"src/marionette.triggermethod.js","s":{"1":1,"2":7511,"3":1,"4":15575,"5":7511,"6":7511,"7":7511,"8":7511,"9":888,"10":7511,"11":7511,"12":7511,"13":1,"14":343,"15":343,"16":343,"17":84,"18":259,"19":343},"b":{"1":[888,6623],"2":[7511,0],"3":[84,259]},"f":{"1":7511,"2":15575,"3":343},"fnMap":{"1":{"name":"(anonymous_1)","line":8,"loc":{"start":{"line":8,"column":27},"end":{"line":8,"column":43}}},"2":{"name":"getEventName","line":15,"loc":{"start":{"line":15,"column":2},"end":{"line":15,"column":50}}},"3":{"name":"(anonymous_3)","line":42,"loc":{"start":{"line":42,"column":29},"end":{"line":42,"column":54}}}},"statementMap":{"1":{"start":{"line":8,"column":0},"end":{"line":36,"column":2}},"2":{"start":{"line":11,"column":2},"end":{"line":11,"column":31}},"3":{"start":{"line":15,"column":2},"end":{"line":17,"column":3}},"4":{"start":{"line":16,"column":4},"end":{"line":16,"column":35}},"5":{"start":{"line":20,"column":2},"end":{"line":20,"column":64}},"6":{"start":{"line":21,"column":2},"end":{"line":21,"column":32}},"7":{"start":{"line":22,"column":2},"end":{"line":22,"column":13}},"8":{"start":{"line":25,"column":2},"end":{"line":28,"column":3}},"9":{"start":{"line":27,"column":4},"end":{"line":27,"column":51}},"10":{"start":{"line":31,"column":2},"end":{"line":33,"column":3}},"11":{"start":{"line":32,"column":4},"end":{"line":32,"column":40}},"12":{"start":{"line":35,"column":2},"end":{"line":35,"column":16}},"13":{"start":{"line":42,"column":0},"end":{"line":53,"column":2}},"14":{"start":{"line":43,"column":2},"end":{"line":43,"column":34}},"15":{"start":{"line":44,"column":2},"end":{"line":44,"column":10}},"16":{"start":{"line":46,"column":2},"end":{"line":50,"column":3}},"17":{"start":{"line":47,"column":4},"end":{"line":47,"column":32}},"18":{"start":{"line":49,"column":4},"end":{"line":49,"column":35}},"19":{"start":{"line":52,"column":2},"end":{"line":52,"column":50}}},"branchMap":{"1":{"line":25,"type":"if","locations":[{"start":{"line":25,"column":2},"end":{"line":25,"column":2}},{"start":{"line":25,"column":2},"end":{"line":25,"column":2}}]},"2":{"line":31,"type":"if","locations":[{"start":{"line":31,"column":2},"end":{"line":31,"column":2}},{"start":{"line":31,"column":2},"end":{"line":31,"column":2}}]},"3":{"line":46,"type":"if","locations":[{"start":{"line":46,"column":2},"end":{"line":46,"column":2}},{"start":{"line":46,"column":2},"end":{"line":46,"column":2}}]}}},"src/marionette.helpers.js":{"path":"src/marionette.helpers.js","s":{"1":1,"2":1,"3":1,"4":8368,"5":142,"6":8226,"7":8226,"8":684,"9":7542,"10":8226,"11":1,"12":8119,"13":1,"14":1159,"15":1159,"16":51,"17":13,"18":51,"19":3,"20":48,"21":1159,"22":1,"23":202,"24":114,"25":1,"26":1246,"27":1032,"28":214,"29":214,"30":134,"31":134,"32":98,"33":98,"34":214,"35":1,"36":65,"37":0,"38":65,"39":85,"40":66,"41":65,"42":1,"43":3,"44":3,"45":69,"46":15,"47":15,"48":15},"b":{"1":[142,8226],"2":[8368,8226],"3":[684,7542],"4":[8226,8075],"5":[13,38],"6":[3,48],"7":[1032,214],"8":[98,36],"9":[0,65],"10":[66,19]},"f":{"1":8368,"2":8119,"3":1159,"4":51,"5":202,"6":114,"7":1246,"8":134,"9":65,"10":85,"11":3,"12":69,"13":15},"fnMap":{"1":{"name":"(anonymous_1)","line":20,"loc":{"start":{"line":20,"column":23},"end":{"line":20,"column":52}}},"2":{"name":"(anonymous_2)","line":34,"loc":{"start":{"line":34,"column":28},"end":{"line":34,"column":49}}},"3":{"name":"(anonymous_3)","line":43,"loc":{"start":{"line":43,"column":30},"end":{"line":43,"column":45}}},"4":{"name":"(anonymous_4)","line":45,"loc":{"start":{"line":45,"column":15},"end":{"line":45,"column":38}}},"5":{"name":"(anonymous_5)","line":59,"loc":{"start":{"line":59,"column":31},"end":{"line":59,"column":54}}},"6":{"name":"(anonymous_6)","line":60,"loc":{"start":{"line":60,"column":50},"end":{"line":60,"column":62}}},"7":{"name":"(anonymous_7)","line":69,"loc":{"start":{"line":69,"column":29},"end":{"line":69,"column":48}}},"8":{"name":"(anonymous_8)","line":76,"loc":{"start":{"line":76,"column":23},"end":{"line":76,"column":37}}},"9":{"name":"(anonymous_9)","line":90,"loc":{"start":{"line":90,"column":31},"end":{"line":90,"column":50}}},"10":{"name":"(anonymous_10)","line":95,"loc":{"start":{"line":95,"column":15},"end":{"line":95,"column":34}}},"11":{"name":"(anonymous_11)","line":108,"loc":{"start":{"line":108,"column":29},"end":{"line":108,"column":60}}},"12":{"name":"(anonymous_12)","line":114,"loc":{"start":{"line":114,"column":18},"end":{"line":114,"column":35}}},"13":{"name":"(anonymous_13)","line":115,"loc":{"start":{"line":115,"column":21},"end":{"line":115,"column":32}}}},"statementMap":{"1":{"start":{"line":7,"column":0},"end":{"line":7,"column":34}},"2":{"start":{"line":13,"column":0},"end":{"line":13,"column":42}},"3":{"start":{"line":20,"column":0},"end":{"line":31,"column":2}},"4":{"start":{"line":21,"column":2},"end":{"line":21,"column":41}},"5":{"start":{"line":21,"column":32},"end":{"line":21,"column":39}},"6":{"start":{"line":22,"column":2},"end":{"line":22,"column":12}},"7":{"start":{"line":24,"column":2},"end":{"line":28,"column":3}},"8":{"start":{"line":25,"column":4},"end":{"line":25,"column":39}},"9":{"start":{"line":27,"column":4},"end":{"line":27,"column":31}},"10":{"start":{"line":30,"column":2},"end":{"line":30,"column":15}},"11":{"start":{"line":34,"column":0},"end":{"line":36,"column":2}},"12":{"start":{"line":35,"column":2},"end":{"line":35,"column":48}},"13":{"start":{"line":43,"column":0},"end":{"line":55,"column":2}},"14":{"start":{"line":44,"column":2},"end":{"line":44,"column":26}},"15":{"start":{"line":45,"column":2},"end":{"line":53,"column":11}},"16":{"start":{"line":46,"column":4},"end":{"line":48,"column":5}},"17":{"start":{"line":47,"column":6},"end":{"line":47,"column":28}},"18":{"start":{"line":49,"column":4},"end":{"line":51,"column":5}},"19":{"start":{"line":50,"column":6},"end":{"line":50,"column":13}},"20":{"start":{"line":52,"column":4},"end":{"line":52,"column":34}},"21":{"start":{"line":54,"column":2},"end":{"line":54,"column":24}},"22":{"start":{"line":59,"column":0},"end":{"line":63,"column":2}},"23":{"start":{"line":60,"column":2},"end":{"line":62,"column":5}},"24":{"start":{"line":61,"column":4},"end":{"line":61,"column":26}},"25":{"start":{"line":69,"column":0},"end":{"line":85,"column":2}},"26":{"start":{"line":70,"column":2},"end":{"line":72,"column":3}},"27":{"start":{"line":71,"column":4},"end":{"line":71,"column":11}},"28":{"start":{"line":74,"column":2},"end":{"line":74,"column":23}},"29":{"start":{"line":76,"column":2},"end":{"line":82,"column":5}},"30":{"start":{"line":77,"column":4},"end":{"line":77,"column":62}},"31":{"start":{"line":78,"column":4},"end":{"line":81,"column":5}},"32":{"start":{"line":79,"column":6},"end":{"line":79,"column":38}},"33":{"start":{"line":80,"column":6},"end":{"line":80,"column":23}},"34":{"start":{"line":84,"column":2},"end":{"line":84,"column":14}},"35":{"start":{"line":90,"column":0},"end":{"line":102,"column":2}},"36":{"start":{"line":91,"column":2},"end":{"line":93,"column":3}},"37":{"start":{"line":92,"column":4},"end":{"line":92,"column":11}},"38":{"start":{"line":95,"column":2},"end":{"line":99,"column":5}},"39":{"start":{"line":96,"column":4},"end":{"line":98,"column":5}},"40":{"start":{"line":97,"column":6},"end":{"line":97,"column":56}},"41":{"start":{"line":101,"column":2},"end":{"line":101,"column":14}},"42":{"start":{"line":108,"column":0},"end":{"line":121,"column":2}},"43":{"start":{"line":109,"column":2},"end":{"line":112,"column":43}},"44":{"start":{"line":114,"column":2},"end":{"line":120,"column":5}},"45":{"start":{"line":115,"column":4},"end":{"line":119,"column":6}},"46":{"start":{"line":116,"column":6},"end":{"line":116,"column":56}},"47":{"start":{"line":117,"column":6},"end":{"line":117,"column":53}},"48":{"start":{"line":118,"column":6},"end":{"line":118,"column":38}}},"branchMap":{"1":{"line":21,"type":"if","locations":[{"start":{"line":21,"column":2},"end":{"line":21,"column":2}},{"start":{"line":21,"column":2},"end":{"line":21,"column":2}}]},"2":{"line":21,"type":"binary-expr","locations":[{"start":{"line":21,"column":6},"end":{"line":21,"column":13}},{"start":{"line":21,"column":17},"end":{"line":21,"column":28}}]},"3":{"line":24,"type":"if","locations":[{"start":{"line":24,"column":2},"end":{"line":24,"column":2}},{"start":{"line":24,"column":2},"end":{"line":24,"column":2}}]},"4":{"line":24,"type":"binary-expr","locations":[{"start":{"line":24,"column":6},"end":{"line":24,"column":20}},{"start":{"line":24,"column":25},"end":{"line":24,"column":65}}]},"5":{"line":46,"type":"if","locations":[{"start":{"line":46,"column":4},"end":{"line":46,"column":4}},{"start":{"line":46,"column":4},"end":{"line":46,"column":4}}]},"6":{"line":49,"type":"if","locations":[{"start":{"line":49,"column":4},"end":{"line":49,"column":4}},{"start":{"line":49,"column":4},"end":{"line":49,"column":4}}]},"7":{"line":70,"type":"if","locations":[{"start":{"line":70,"column":2},"end":{"line":70,"column":2}},{"start":{"line":70,"column":2},"end":{"line":70,"column":2}}]},"8":{"line":78,"type":"if","locations":[{"start":{"line":78,"column":4},"end":{"line":78,"column":4}},{"start":{"line":78,"column":4},"end":{"line":78,"column":4}}]},"9":{"line":91,"type":"if","locations":[{"start":{"line":91,"column":2},"end":{"line":91,"column":2}},{"start":{"line":91,"column":2},"end":{"line":91,"column":2}}]},"10":{"line":96,"type":"if","locations":[{"start":{"line":96,"column":4},"end":{"line":96,"column":4}},{"start":{"line":96,"column":4},"end":{"line":96,"column":4}}]}}},"src/marionette.domRefresh.js":{"path":"src/marionette.domRefresh.js","s":{"1":1,"2":1,"3":67,"4":67,"5":1,"6":857,"7":857,"8":1,"9":924,"10":28,"11":28,"12":1,"13":61,"14":1,"15":1057,"16":67,"17":1057,"18":857},"b":{"1":[28,896],"2":[924,73,61],"3":[28,0]},"f":{"1":1,"2":67,"3":857,"4":924,"5":61,"6":1057,"7":67,"8":857},"fnMap":{"1":{"name":"(anonymous_1)","line":8,"loc":{"start":{"line":8,"column":32},"end":{"line":8,"column":58}}},"2":{"name":"handleShow","line":11,"loc":{"start":{"line":11,"column":2},"end":{"line":11,"column":28}}},"3":{"name":"handleRender","line":17,"loc":{"start":{"line":17,"column":2},"end":{"line":17,"column":30}}},"4":{"name":"triggerDOMRefresh","line":23,"loc":{"start":{"line":23,"column":2},"end":{"line":23,"column":35}}},"5":{"name":"isInDOM","line":31,"loc":{"start":{"line":31,"column":2},"end":{"line":31,"column":25}}},"6":{"name":"(anonymous_6)","line":36,"loc":{"start":{"line":36,"column":9},"end":{"line":36,"column":24}}},"7":{"name":"(anonymous_7)","line":37,"loc":{"start":{"line":37,"column":32},"end":{"line":37,"column":43}}},"8":{"name":"(anonymous_8)","line":41,"loc":{"start":{"line":41,"column":34},"end":{"line":41,"column":45}}}},"statementMap":{"1":{"start":{"line":8,"column":0},"end":{"line":45,"column":29}},"2":{"start":{"line":11,"column":2},"end":{"line":14,"column":3}},"3":{"start":{"line":12,"column":4},"end":{"line":12,"column":25}},"4":{"start":{"line":13,"column":4},"end":{"line":13,"column":28}},"5":{"start":{"line":17,"column":2},"end":{"line":20,"column":3}},"6":{"start":{"line":18,"column":4},"end":{"line":18,"column":28}},"7":{"start":{"line":19,"column":4},"end":{"line":19,"column":28}},"8":{"start":{"line":23,"column":2},"end":{"line":29,"column":3}},"9":{"start":{"line":24,"column":4},"end":{"line":28,"column":5}},"10":{"start":{"line":25,"column":6},"end":{"line":27,"column":7}},"11":{"start":{"line":26,"column":8},"end":{"line":26,"column":42}},"12":{"start":{"line":31,"column":2},"end":{"line":33,"column":3}},"13":{"start":{"line":32,"column":4},"end":{"line":32,"column":57}},"14":{"start":{"line":36,"column":2},"end":{"line":44,"column":4}},"15":{"start":{"line":37,"column":4},"end":{"line":39,"column":7}},"16":{"start":{"line":38,"column":6},"end":{"line":38,"column":23}},"17":{"start":{"line":41,"column":4},"end":{"line":43,"column":7}},"18":{"start":{"line":42,"column":6},"end":{"line":42,"column":25}}},"branchMap":{"1":{"line":24,"type":"if","locations":[{"start":{"line":24,"column":4},"end":{"line":24,"column":4}},{"start":{"line":24,"column":4},"end":{"line":24,"column":4}}]},"2":{"line":24,"type":"binary-expr","locations":[{"start":{"line":24,"column":8},"end":{"line":24,"column":21}},{"start":{"line":24,"column":25},"end":{"line":24,"column":41}},{"start":{"line":24,"column":45},"end":{"line":24,"column":58}}]},"3":{"line":25,"type":"if","locations":[{"start":{"line":25,"column":6},"end":{"line":25,"column":6}},{"start":{"line":25,"column":6},"end":{"line":25,"column":6}}]}}},"src/marionette.object.js":{"path":"src/marionette.object.js","s":{"1":1,"2":4,"3":4,"4":1,"5":1,"6":1,"7":1,"8":1,"9":1},"b":{},"f":{"1":4,"2":1,"3":1},"fnMap":{"1":{"name":"(anonymous_1)","line":6,"loc":{"start":{"line":6,"column":20},"end":{"line":6,"column":38}}},"2":{"name":"(anonymous_2)","line":20,"loc":{"start":{"line":20,"column":14},"end":{"line":20,"column":25}}},"3":{"name":"(anonymous_3)","line":22,"loc":{"start":{"line":22,"column":11},"end":{"line":22,"column":22}}}},"statementMap":{"1":{"start":{"line":6,"column":0},"end":{"line":10,"column":2}},"2":{"start":{"line":7,"column":2},"end":{"line":7,"column":66}},"3":{"start":{"line":9,"column":2},"end":{"line":9,"column":41}},"4":{"start":{"line":12,"column":0},"end":{"line":12,"column":45}},"5":{"start":{"line":17,"column":0},"end":{"line":40,"column":3}},"6":{"start":{"line":23,"column":4},"end":{"line":23,"column":41}},"7":{"start":{"line":24,"column":4},"end":{"line":24,"column":34}},"8":{"start":{"line":25,"column":4},"end":{"line":25,"column":25}},"9":{"start":{"line":43,"column":0},"end":{"line":43,"column":55}}},"branchMap":{}},"src/marionette.controller.js":{"path":"src/marionette.controller.js","s":{"1":1,"2":291,"3":291,"4":14,"5":1,"6":1,"7":21,"8":21,"9":21,"10":21,"11":21,"12":21},"b":{"1":[291,287],"2":[14,277]},"f":{"1":291,"2":21},"fnMap":{"1":{"name":"(anonymous_1)","line":7,"loc":{"start":{"line":7,"column":24},"end":{"line":7,"column":42}}},"2":{"name":"(anonymous_2)","line":22,"loc":{"start":{"line":22,"column":11},"end":{"line":22,"column":22}}}},"statementMap":{"1":{"start":{"line":7,"column":0},"end":{"line":13,"column":2}},"2":{"start":{"line":8,"column":2},"end":{"line":8,"column":31}},"3":{"start":{"line":10,"column":2},"end":{"line":12,"column":3}},"4":{"start":{"line":11,"column":4},"end":{"line":11,"column":34}},"5":{"start":{"line":15,"column":0},"end":{"line":15,"column":49}},"6":{"start":{"line":21,"column":0},"end":{"line":39,"column":3}},"7":{"start":{"line":23,"column":4},"end":{"line":23,"column":37}},"8":{"start":{"line":24,"column":4},"end":{"line":24,"column":68}},"9":{"start":{"line":25,"column":4},"end":{"line":25,"column":61}},"10":{"start":{"line":27,"column":4},"end":{"line":27,"column":25}},"11":{"start":{"line":28,"column":4},"end":{"line":28,"column":15}},"12":{"start":{"line":29,"column":4},"end":{"line":29,"column":16}}},"branchMap":{"1":{"line":8,"type":"binary-expr","locations":[{"start":{"line":8,"column":17},"end":{"line":8,"column":24}},{"start":{"line":8,"column":28},"end":{"line":8,"column":30}}]},"2":{"line":10,"type":"if","locations":[{"start":{"line":10,"column":2},"end":{"line":10,"column":2}},{"start":{"line":10,"column":2},"end":{"line":10,"column":2}}]}}},"src/marionette.approuter.js":{"path":"src/marionette.approuter.js","s":{"1":1,"2":14,"3":14,"4":14,"5":14,"6":14,"7":13,"8":1,"9":1,"10":14,"11":14,"12":4,"13":14,"14":2,"15":12,"16":12,"17":15,"18":15,"19":16,"20":16,"21":1,"22":15},"b":{"1":[14,2],"2":[4,10],"3":[2,12],"4":[1,15]},"f":{"1":14,"2":1,"3":14,"4":14,"5":15,"6":15,"7":16},"fnMap":{"1":{"name":"(anonymous_1)","line":21,"loc":{"start":{"line":21,"column":15},"end":{"line":21,"column":33}}},"2":{"name":"(anonymous_2)","line":34,"loc":{"start":{"line":34,"column":12},"end":{"line":34,"column":40}}},"3":{"name":"(anonymous_3)","line":41,"loc":{"start":{"line":41,"column":19},"end":{"line":41,"column":50}}},"4":{"name":"(anonymous_4)","line":54,"loc":{"start":{"line":54,"column":20},"end":{"line":54,"column":52}}},"5":{"name":"(anonymous_5)","line":59,"loc":{"start":{"line":59,"column":23},"end":{"line":59,"column":39}}},"6":{"name":"(anonymous_6)","line":64,"loc":{"start":{"line":64,"column":18},"end":{"line":64,"column":29}}},"7":{"name":"(anonymous_7)","line":68,"loc":{"start":{"line":68,"column":16},"end":{"line":68,"column":56}}}},"statementMap":{"1":{"start":{"line":19,"column":0},"end":{"line":80,"column":3}},"2":{"start":{"line":22,"column":4},"end":{"line":22,"column":43}},"3":{"start":{"line":24,"column":4},"end":{"line":24,"column":33}},"4":{"start":{"line":26,"column":4},"end":{"line":26,"column":48}},"5":{"start":{"line":27,"column":4},"end":{"line":27,"column":43}},"6":{"start":{"line":28,"column":4},"end":{"line":28,"column":49}},"7":{"start":{"line":29,"column":4},"end":{"line":29,"column":49}},"8":{"start":{"line":35,"column":4},"end":{"line":35,"column":43}},"9":{"start":{"line":36,"column":4},"end":{"line":36,"column":53}},"10":{"start":{"line":43,"column":4},"end":{"line":43,"column":69}},"11":{"start":{"line":46,"column":4},"end":{"line":48,"column":5}},"12":{"start":{"line":47,"column":6},"end":{"line":47,"column":52}},"13":{"start":{"line":55,"column":4},"end":{"line":55,"column":31}},"14":{"start":{"line":55,"column":22},"end":{"line":55,"column":29}},"15":{"start":{"line":57,"column":4},"end":{"line":57,"column":49}},"16":{"start":{"line":59,"column":4},"end":{"line":61,"column":13}},"17":{"start":{"line":60,"column":6},"end":{"line":60,"column":61}},"18":{"start":{"line":65,"column":4},"end":{"line":65,"column":40}},"19":{"start":{"line":69,"column":4},"end":{"line":69,"column":40}},"20":{"start":{"line":71,"column":4},"end":{"line":73,"column":5}},"21":{"start":{"line":72,"column":6},"end":{"line":72,"column":96}},"22":{"start":{"line":75,"column":4},"end":{"line":75,"column":62}}},"branchMap":{"1":{"line":24,"type":"binary-expr","locations":[{"start":{"line":24,"column":19},"end":{"line":24,"column":26}},{"start":{"line":24,"column":30},"end":{"line":24,"column":32}}]},"2":{"line":46,"type":"if","locations":[{"start":{"line":46,"column":4},"end":{"line":46,"column":4}},{"start":{"line":46,"column":4},"end":{"line":46,"column":4}}]},"3":{"line":55,"type":"if","locations":[{"start":{"line":55,"column":4},"end":{"line":55,"column":4}},{"start":{"line":55,"column":4},"end":{"line":55,"column":4}}]},"4":{"line":71,"type":"if","locations":[{"start":{"line":71,"column":4},"end":{"line":71,"column":4}},{"start":{"line":71,"column":4},"end":{"line":71,"column":4}}]}}},"src/marionette.application.js":{"path":"src/marionette.application.js","s":{"1":1,"2":165,"3":165,"4":165,"5":165,"6":165,"7":165,"8":165,"9":1,"10":1,"11":1,"12":69,"13":21,"14":21,"15":21,"16":196,"17":2,"18":6,"19":10,"20":3,"21":105,"22":105,"23":105,"24":105,"25":164,"26":165,"27":165,"28":165,"29":165,"30":8,"31":165,"32":165,"33":165,"34":165,"35":165,"36":107,"37":165,"38":107,"39":107,"40":165,"41":6,"42":165,"43":6,"44":6,"45":165,"46":165,"47":165,"48":165,"49":165,"50":1},"b":{"1":[4,161],"2":[161,153],"3":[8,157],"4":[165,160],"5":[165,165],"6":[165,165],"7":[165,165],"8":[165,165]},"f":{"1":165,"2":159,"3":1,"4":1,"5":69,"6":21,"7":196,"8":2,"9":6,"10":10,"11":3,"12":105,"13":164,"14":165,"15":165,"16":107,"17":107,"18":6,"19":6,"20":165},"fnMap":{"1":{"name":"(anonymous_1)","line":7,"loc":{"start":{"line":7,"column":25},"end":{"line":7,"column":43}}},"2":{"name":"(anonymous_2)","line":20,"loc":{"start":{"line":20,"column":14},"end":{"line":20,"column":25}}},"3":{"name":"(anonymous_3)","line":23,"loc":{"start":{"line":23,"column":11},"end":{"line":23,"column":22}}},"4":{"name":"(anonymous_4)","line":28,"loc":{"start":{"line":28,"column":11},"end":{"line":28,"column":22}}},"5":{"name":"(anonymous_5)","line":35,"loc":{"start":{"line":35,"column":18},"end":{"line":35,"column":40}}},"6":{"name":"(anonymous_6)","line":42,"loc":{"start":{"line":42,"column":9},"end":{"line":42,"column":27}}},"7":{"name":"(anonymous_7)","line":52,"loc":{"start":{"line":52,"column":14},"end":{"line":52,"column":32}}},"8":{"name":"(anonymous_8)","line":57,"loc":{"start":{"line":57,"column":16},"end":{"line":57,"column":27}}},"9":{"name":"(anonymous_9)","line":64,"loc":{"start":{"line":64,"column":16},"end":{"line":64,"column":33}}},"10":{"name":"(anonymous_10)","line":71,"loc":{"start":{"line":71,"column":13},"end":{"line":71,"column":30}}},"11":{"name":"(anonymous_11)","line":76,"loc":{"start":{"line":76,"column":14},"end":{"line":76,"column":24}}},"12":{"name":"(anonymous_12)","line":81,"loc":{"start":{"line":81,"column":10},"end":{"line":81,"column":50}}},"13":{"name":"(anonymous_13)","line":98,"loc":{"start":{"line":98,"column":20},"end":{"line":98,"column":31}}},"14":{"name":"(anonymous_14)","line":104,"loc":{"start":{"line":104,"column":22},"end":{"line":104,"column":40}}},"15":{"name":"(anonymous_15)","line":126,"loc":{"start":{"line":126,"column":22},"end":{"line":126,"column":33}}},"16":{"name":"(anonymous_16)","line":129,"loc":{"start":{"line":129,"column":60},"end":{"line":129,"column":75}}},"17":{"name":"(anonymous_17)","line":133,"loc":{"start":{"line":133,"column":53},"end":{"line":133,"column":76}}},"18":{"name":"(anonymous_18)","line":138,"loc":{"start":{"line":138,"column":63},"end":{"line":138,"column":78}}},"19":{"name":"(anonymous_19)","line":142,"loc":{"start":{"line":142,"column":56},"end":{"line":142,"column":79}}},"20":{"name":"(anonymous_20)","line":149,"loc":{"start":{"line":149,"column":16},"end":{"line":149,"column":27}}}},"statementMap":{"1":{"start":{"line":7,"column":0},"end":{"line":15,"column":2}},"2":{"start":{"line":8,"column":2},"end":{"line":8,"column":25}},"3":{"start":{"line":9,"column":2},"end":{"line":9,"column":35}},"4":{"start":{"line":10,"column":2},"end":{"line":10,"column":51}},"5":{"start":{"line":11,"column":2},"end":{"line":11,"column":23}},"6":{"start":{"line":12,"column":2},"end":{"line":12,"column":26}},"7":{"start":{"line":13,"column":2},"end":{"line":13,"column":22}},"8":{"start":{"line":14,"column":2},"end":{"line":14,"column":41}},"9":{"start":{"line":17,"column":0},"end":{"line":163,"column":3}},"10":{"start":{"line":24,"column":4},"end":{"line":24,"column":58}},"11":{"start":{"line":29,"column":4},"end":{"line":29,"column":61}},"12":{"start":{"line":36,"column":4},"end":{"line":36,"column":41}},"13":{"start":{"line":43,"column":4},"end":{"line":43,"column":48}},"14":{"start":{"line":44,"column":4},"end":{"line":44,"column":43}},"15":{"start":{"line":45,"column":4},"end":{"line":45,"column":41}},"16":{"start":{"line":53,"column":4},"end":{"line":53,"column":51}},"17":{"start":{"line":58,"column":4},"end":{"line":58,"column":46}},"18":{"start":{"line":65,"column":4},"end":{"line":65,"column":52}},"19":{"start":{"line":72,"column":4},"end":{"line":72,"column":43}},"20":{"start":{"line":77,"column":4},"end":{"line":77,"column":44}},"21":{"start":{"line":84,"column":4},"end":{"line":84,"column":67}},"22":{"start":{"line":88,"column":4},"end":{"line":88,"column":37}},"23":{"start":{"line":89,"column":4},"end":{"line":89,"column":23}},"24":{"start":{"line":92,"column":4},"end":{"line":92,"column":55}},"25":{"start":{"line":99,"column":4},"end":{"line":99,"column":42}},"26":{"start":{"line":105,"column":4},"end":{"line":105,"column":90}},"27":{"start":{"line":107,"column":4},"end":{"line":107,"column":30}},"28":{"start":{"line":110,"column":4},"end":{"line":110,"column":65}},"29":{"start":{"line":113,"column":4},"end":{"line":115,"column":5}},"30":{"start":{"line":114,"column":6},"end":{"line":114,"column":56}},"31":{"start":{"line":118,"column":4},"end":{"line":118,"column":37}},"32":{"start":{"line":120,"column":4},"end":{"line":120,"column":29}},"33":{"start":{"line":122,"column":4},"end":{"line":122,"column":16}},"34":{"start":{"line":127,"column":4},"end":{"line":127,"column":50}},"35":{"start":{"line":129,"column":4},"end":{"line":131,"column":7}},"36":{"start":{"line":130,"column":6},"end":{"line":130,"column":52}},"37":{"start":{"line":133,"column":4},"end":{"line":136,"column":7}},"38":{"start":{"line":134,"column":6},"end":{"line":134,"column":26}},"39":{"start":{"line":135,"column":6},"end":{"line":135,"column":53}},"40":{"start":{"line":138,"column":4},"end":{"line":140,"column":7}},"41":{"start":{"line":139,"column":6},"end":{"line":139,"column":55}},"42":{"start":{"line":142,"column":4},"end":{"line":145,"column":7}},"43":{"start":{"line":143,"column":6},"end":{"line":143,"column":24}},"44":{"start":{"line":144,"column":6},"end":{"line":144,"column":56}},"45":{"start":{"line":150,"column":4},"end":{"line":150,"column":65}},"46":{"start":{"line":151,"column":4},"end":{"line":151,"column":95}},"47":{"start":{"line":152,"column":4},"end":{"line":152,"column":60}},"48":{"start":{"line":153,"column":4},"end":{"line":153,"column":72}},"49":{"start":{"line":154,"column":4},"end":{"line":154,"column":66}},"50":{"start":{"line":166,"column":0},"end":{"line":166,"column":50}}},"branchMap":{"1":{"line":105,"type":"cond-expr","locations":[{"start":{"line":105,"column":47},"end":{"line":105,"column":68}},{"start":{"line":105,"column":71},"end":{"line":105,"column":89}}]},"2":{"line":105,"type":"binary-expr","locations":[{"start":{"line":105,"column":71},"end":{"line":105,"column":83}},{"start":{"line":105,"column":87},"end":{"line":105,"column":89}}]},"3":{"line":113,"type":"if","locations":[{"start":{"line":113,"column":4},"end":{"line":113,"column":4}},{"start":{"line":113,"column":4},"end":{"line":113,"column":4}}]},"4":{"line":150,"type":"binary-expr","locations":[{"start":{"line":150,"column":23},"end":{"line":150,"column":52}},{"start":{"line":150,"column":56},"end":{"line":150,"column":64}}]},"5":{"line":151,"type":"binary-expr","locations":[{"start":{"line":151,"column":19},"end":{"line":151,"column":44}},{"start":{"line":151,"column":48},"end":{"line":151,"column":94}}]},"6":{"line":152,"type":"binary-expr","locations":[{"start":{"line":152,"column":16},"end":{"line":152,"column":38}},{"start":{"line":152,"column":42},"end":{"line":152,"column":59}}]},"7":{"line":153,"type":"binary-expr","locations":[{"start":{"line":153,"column":20},"end":{"line":153,"column":46}},{"start":{"line":153,"column":50},"end":{"line":153,"column":71}}]},"8":{"line":154,"type":"binary-expr","locations":[{"start":{"line":154,"column":18},"end":{"line":154,"column":42}},{"start":{"line":154,"column":46},"end":{"line":154,"column":65}}]}}},"src/marionette.module.js":{"path":"src/marionette.module.js","s":{"1":1,"2":101,"3":101,"4":101,"5":101,"6":101,"7":101,"8":101,"9":101,"10":1,"11":1,"12":39,"13":24,"14":65,"15":21,"16":44,"17":20,"18":18,"19":44,"20":44,"21":44,"22":44,"23":36,"24":6,"25":30,"26":30,"27":30,"28":16,"29":30,"30":30,"31":30,"32":30,"33":41,"34":41,"35":0,"36":41,"37":41,"38":101,"39":101,"40":1,"41":105,"42":105,"43":105,"44":105,"45":105,"46":105,"47":105,"48":105,"49":136,"50":136,"51":136,"52":105,"53":136,"54":136,"55":136,"56":136,"57":101,"58":101,"59":101,"60":136,"61":241,"62":241,"63":126,"64":115,"65":12,"66":103,"67":136,"68":136,"69":136,"70":41,"71":136,"72":136,"73":136,"74":6,"75":6,"76":130,"77":47,"78":47,"79":83,"80":136,"81":25,"82":111,"83":28,"84":83,"85":136,"86":136,"87":45,"88":91,"89":91,"90":22,"91":22},"b":{"1":[101,100],"2":[101,0],"3":[21,44],"4":[18,2],"5":[6,30],"6":[0,41],"7":[101,35],"8":[126,115],"9":[12,103],"10":[103,85],"11":[41,95],"12":[6,130],"13":[136,31],"14":[0,6],"15":[47,83],"16":[38,9],"17":[25,111],"18":[136,31],"19":[28,83],"20":[136,129],"21":[45,91],"22":[136,120],"23":[22,0]},"f":{"1":101,"2":86,"3":39,"4":24,"5":65,"6":20,"7":36,"8":16,"9":41,"10":41,"11":101,"12":105,"13":136,"14":136,"15":241,"16":136,"17":136,"18":136,"19":136,"20":22},"fnMap":{"1":{"name":"(anonymous_1)","line":8,"loc":{"start":{"line":8,"column":20},"end":{"line":8,"column":55}}},"2":{"name":"(anonymous_2)","line":40,"loc":{"start":{"line":40,"column":14},"end":{"line":40,"column":25}}},"3":{"name":"(anonymous_3)","line":44,"loc":{"start":{"line":44,"column":18},"end":{"line":44,"column":37}}},"4":{"name":"(anonymous_4)","line":51,"loc":{"start":{"line":51,"column":16},"end":{"line":51,"column":35}}},"5":{"name":"(anonymous_5)","line":56,"loc":{"start":{"line":56,"column":9},"end":{"line":56,"column":27}}},"6":{"name":"(anonymous_6)","line":61,"loc":{"start":{"line":61,"column":28},"end":{"line":61,"column":42}}},"7":{"name":"(anonymous_7)","line":79,"loc":{"start":{"line":79,"column":8},"end":{"line":79,"column":19}}},"8":{"name":"(anonymous_8)","line":88,"loc":{"start":{"line":88,"column":28},"end":{"line":88,"column":42}}},"9":{"name":"(anonymous_9)","line":102,"loc":{"start":{"line":102,"column":17},"end":{"line":102,"column":56}}},"10":{"name":"(anonymous_10)","line":108,"loc":{"start":{"line":108,"column":24},"end":{"line":108,"column":57}}},"11":{"name":"(anonymous_11)","line":128,"loc":{"start":{"line":128,"column":35},"end":{"line":128,"column":46}}},"12":{"name":"(anonymous_12)","line":142,"loc":{"start":{"line":142,"column":10},"end":{"line":142,"column":55}}},"13":{"name":"(anonymous_13)","line":161,"loc":{"start":{"line":161,"column":24},"end":{"line":161,"column":48}}},"14":{"name":"(anonymous_14)","line":171,"loc":{"start":{"line":171,"column":14},"end":{"line":171,"column":65}}},"15":{"name":"(anonymous_15)","line":195,"loc":{"start":{"line":195,"column":12},"end":{"line":195,"column":39}}},"16":{"name":"(anonymous_16)","line":214,"loc":{"start":{"line":214,"column":24},"end":{"line":214,"column":66}}},"17":{"name":"(anonymous_17)","line":225,"loc":{"start":{"line":225,"column":23},"end":{"line":225,"column":45}}},"18":{"name":"(anonymous_18)","line":241,"loc":{"start":{"line":241,"column":14},"end":{"line":241,"column":28}}},"19":{"name":"(anonymous_19)","line":253,"loc":{"start":{"line":253,"column":23},"end":{"line":253,"column":71}}},"20":{"name":"(anonymous_20)","line":262,"loc":{"start":{"line":262,"column":32},"end":{"line":262,"column":50}}}},"statementMap":{"1":{"start":{"line":8,"column":0},"end":{"line":27,"column":2}},"2":{"start":{"line":9,"column":2},"end":{"line":9,"column":31}},"3":{"start":{"line":10,"column":2},"end":{"line":10,"column":53}},"4":{"start":{"line":13,"column":2},"end":{"line":13,"column":58}},"5":{"start":{"line":16,"column":2},"end":{"line":16,"column":23}},"6":{"start":{"line":18,"column":2},"end":{"line":18,"column":41}},"7":{"start":{"line":22,"column":2},"end":{"line":22,"column":17}},"8":{"start":{"line":24,"column":2},"end":{"line":26,"column":3}},"9":{"start":{"line":25,"column":4},"end":{"line":25,"column":51}},"10":{"start":{"line":29,"column":0},"end":{"line":29,"column":45}},"11":{"start":{"line":33,"column":0},"end":{"line":136,"column":3}},"12":{"start":{"line":45,"column":4},"end":{"line":45,"column":45}},"13":{"start":{"line":52,"column":4},"end":{"line":52,"column":43}},"14":{"start":{"line":58,"column":4},"end":{"line":58,"column":40}},"15":{"start":{"line":58,"column":31},"end":{"line":58,"column":38}},"16":{"start":{"line":61,"column":4},"end":{"line":66,"column":7}},"17":{"start":{"line":63,"column":6},"end":{"line":65,"column":7}},"18":{"start":{"line":64,"column":8},"end":{"line":64,"column":27}},"19":{"start":{"line":69,"column":4},"end":{"line":69,"column":48}},"20":{"start":{"line":71,"column":4},"end":{"line":71,"column":50}},"21":{"start":{"line":72,"column":4},"end":{"line":72,"column":31}},"22":{"start":{"line":74,"column":4},"end":{"line":74,"column":41}},"23":{"start":{"line":81,"column":4},"end":{"line":81,"column":41}},"24":{"start":{"line":81,"column":32},"end":{"line":81,"column":39}},"25":{"start":{"line":82,"column":4},"end":{"line":82,"column":32}},"26":{"start":{"line":84,"column":4},"end":{"line":84,"column":38}},"27":{"start":{"line":88,"column":4},"end":{"line":88,"column":59}},"28":{"start":{"line":88,"column":44},"end":{"line":88,"column":55}},"29":{"start":{"line":91,"column":4},"end":{"line":91,"column":50}},"30":{"start":{"line":94,"column":4},"end":{"line":94,"column":39}},"31":{"start":{"line":95,"column":4},"end":{"line":95,"column":37}},"32":{"start":{"line":97,"column":4},"end":{"line":97,"column":31}},"33":{"start":{"line":103,"column":4},"end":{"line":103,"column":60}},"34":{"start":{"line":110,"column":4},"end":{"line":110,"column":32}},"35":{"start":{"line":110,"column":23},"end":{"line":110,"column":30}},"36":{"start":{"line":113,"column":4},"end":{"line":120,"column":7}},"37":{"start":{"line":122,"column":4},"end":{"line":122,"column":33}},"38":{"start":{"line":129,"column":4},"end":{"line":129,"column":60}},"39":{"start":{"line":130,"column":4},"end":{"line":130,"column":58}},"40":{"start":{"line":139,"column":0},"end":{"line":268,"column":3}},"41":{"start":{"line":143,"column":4},"end":{"line":143,"column":21}},"42":{"start":{"line":147,"column":4},"end":{"line":147,"column":43}},"43":{"start":{"line":148,"column":4},"end":{"line":148,"column":28}},"44":{"start":{"line":153,"column":4},"end":{"line":153,"column":41}},"45":{"start":{"line":154,"column":4},"end":{"line":154,"column":36}},"46":{"start":{"line":157,"column":4},"end":{"line":157,"column":31}},"47":{"start":{"line":158,"column":4},"end":{"line":158,"column":53}},"48":{"start":{"line":161,"column":4},"end":{"line":165,"column":13}},"49":{"start":{"line":162,"column":6},"end":{"line":162,"column":32}},"50":{"start":{"line":163,"column":6},"end":{"line":163,"column":80}},"51":{"start":{"line":164,"column":6},"end":{"line":164,"column":88}},"52":{"start":{"line":168,"column":4},"end":{"line":168,"column":18}},"53":{"start":{"line":172,"column":4},"end":{"line":172,"column":36}},"54":{"start":{"line":173,"column":4},"end":{"line":173,"column":41}},"55":{"start":{"line":176,"column":4},"end":{"line":176,"column":42}},"56":{"start":{"line":178,"column":4},"end":{"line":184,"column":5}},"57":{"start":{"line":180,"column":6},"end":{"line":180,"column":57}},"58":{"start":{"line":181,"column":6},"end":{"line":181,"column":40}},"59":{"start":{"line":183,"column":6},"end":{"line":183,"column":51}},"60":{"start":{"line":186,"column":4},"end":{"line":186,"column":18}},"61":{"start":{"line":196,"column":4},"end":{"line":196,"column":40}},"62":{"start":{"line":198,"column":4},"end":{"line":200,"column":5}},"63":{"start":{"line":199,"column":6},"end":{"line":199,"column":25}},"64":{"start":{"line":204,"column":4},"end":{"line":206,"column":5}},"65":{"start":{"line":205,"column":6},"end":{"line":205,"column":30}},"66":{"start":{"line":208,"column":4},"end":{"line":208,"column":55}},"67":{"start":{"line":215,"column":4},"end":{"line":215,"column":34}},"68":{"start":{"line":216,"column":4},"end":{"line":216,"column":64}},"69":{"start":{"line":218,"column":4},"end":{"line":220,"column":5}},"70":{"start":{"line":219,"column":6},"end":{"line":219,"column":37}},"71":{"start":{"line":222,"column":4},"end":{"line":222,"column":68}},"72":{"start":{"line":226,"column":4},"end":{"line":226,"column":12}},"73":{"start":{"line":228,"column":4},"end":{"line":231,"column":5}},"74":{"start":{"line":229,"column":6},"end":{"line":229,"column":57}},"75":{"start":{"line":230,"column":6},"end":{"line":230,"column":45}},"76":{"start":{"line":233,"column":4},"end":{"line":236,"column":5}},"77":{"start":{"line":234,"column":6},"end":{"line":234,"column":32}},"78":{"start":{"line":235,"column":6},"end":{"line":235,"column":45}},"79":{"start":{"line":238,"column":4},"end":{"line":238,"column":16}},"80":{"start":{"line":242,"column":4},"end":{"line":244,"column":5}},"81":{"start":{"line":243,"column":6},"end":{"line":243,"column":17}},"82":{"start":{"line":246,"column":4},"end":{"line":248,"column":5}},"83":{"start":{"line":247,"column":6},"end":{"line":247,"column":24}},"84":{"start":{"line":250,"column":4},"end":{"line":250,"column":16}},"85":{"start":{"line":254,"column":4},"end":{"line":254,"column":71}},"86":{"start":{"line":256,"column":4},"end":{"line":258,"column":5}},"87":{"start":{"line":257,"column":6},"end":{"line":257,"column":13}},"88":{"start":{"line":260,"column":4},"end":{"line":260,"column":46}},"89":{"start":{"line":262,"column":4},"end":{"line":266,"column":7}},"90":{"start":{"line":263,"column":6},"end":{"line":265,"column":7}},"91":{"start":{"line":264,"column":8},"end":{"line":264,"column":30}}},"branchMap":{"1":{"line":13,"type":"binary-expr","locations":[{"start":{"line":13,"column":20},"end":{"line":13,"column":38}},{"start":{"line":13,"column":42},"end":{"line":13,"column":57}}]},"2":{"line":24,"type":"if","locations":[{"start":{"line":24,"column":2},"end":{"line":24,"column":2}},{"start":{"line":24,"column":2},"end":{"line":24,"column":2}}]},"3":{"line":58,"type":"if","locations":[{"start":{"line":58,"column":4},"end":{"line":58,"column":4}},{"start":{"line":58,"column":4},"end":{"line":58,"column":4}}]},"4":{"line":63,"type":"if","locations":[{"start":{"line":63,"column":6},"end":{"line":63,"column":6}},{"start":{"line":63,"column":6},"end":{"line":63,"column":6}}]},"5":{"line":81,"type":"if","locations":[{"start":{"line":81,"column":4},"end":{"line":81,"column":4}},{"start":{"line":81,"column":4},"end":{"line":81,"column":4}}]},"6":{"line":110,"type":"if","locations":[{"start":{"line":110,"column":4},"end":{"line":110,"column":4}},{"start":{"line":110,"column":4},"end":{"line":110,"column":4}}]},"7":{"line":178,"type":"if","locations":[{"start":{"line":178,"column":4},"end":{"line":178,"column":4}},{"start":{"line":178,"column":4},"end":{"line":178,"column":4}}]},"8":{"line":198,"type":"if","locations":[{"start":{"line":198,"column":4},"end":{"line":198,"column":4}},{"start":{"line":198,"column":4},"end":{"line":198,"column":4}}]},"9":{"line":204,"type":"if","locations":[{"start":{"line":204,"column":4},"end":{"line":204,"column":4}},{"start":{"line":204,"column":4},"end":{"line":204,"column":4}}]},"10":{"line":208,"type":"binary-expr","locations":[{"start":{"line":208,"column":11},"end":{"line":208,"column":39}},{"start":{"line":208,"column":43},"end":{"line":208,"column":54}}]},"11":{"line":218,"type":"if","locations":[{"start":{"line":218,"column":4},"end":{"line":218,"column":4}},{"start":{"line":218,"column":4},"end":{"line":218,"column":4}}]},"12":{"line":228,"type":"if","locations":[{"start":{"line":228,"column":4},"end":{"line":228,"column":4}},{"start":{"line":228,"column":4},"end":{"line":228,"column":4}}]},"13":{"line":228,"type":"binary-expr","locations":[{"start":{"line":228,"column":8},"end":{"line":228,"column":25}},{"start":{"line":228,"column":30},"end":{"line":228,"column":72}}]},"14":{"line":230,"type":"cond-expr","locations":[{"start":{"line":230,"column":34},"end":{"line":230,"column":38}},{"start":{"line":230,"column":41},"end":{"line":230,"column":44}}]},"15":{"line":233,"type":"if","locations":[{"start":{"line":233,"column":4},"end":{"line":233,"column":4}},{"start":{"line":233,"column":4},"end":{"line":233,"column":4}}]},"16":{"line":235,"type":"cond-expr","locations":[{"start":{"line":235,"column":34},"end":{"line":235,"column":38}},{"start":{"line":235,"column":41},"end":{"line":235,"column":44}}]},"17":{"line":242,"type":"if","locations":[{"start":{"line":242,"column":4},"end":{"line":242,"column":4}},{"start":{"line":242,"column":4},"end":{"line":242,"column":4}}]},"18":{"line":242,"type":"binary-expr","locations":[{"start":{"line":242,"column":8},"end":{"line":242,"column":25}},{"start":{"line":242,"column":29},"end":{"line":242,"column":74}}]},"19":{"line":246,"type":"if","locations":[{"start":{"line":246,"column":4},"end":{"line":246,"column":4}},{"start":{"line":246,"column":4},"end":{"line":246,"column":4}}]},"20":{"line":254,"type":"binary-expr","locations":[{"start":{"line":254,"column":29},"end":{"line":254,"column":51}},{"start":{"line":254,"column":55},"end":{"line":254,"column":70}}]},"21":{"line":256,"type":"if","locations":[{"start":{"line":256,"column":4},"end":{"line":256,"column":4}},{"start":{"line":256,"column":4},"end":{"line":256,"column":4}}]},"22":{"line":256,"type":"binary-expr","locations":[{"start":{"line":256,"column":8},"end":{"line":256,"column":31}},{"start":{"line":256,"column":35},"end":{"line":256,"column":71}}]},"23":{"line":263,"type":"if","locations":[{"start":{"line":263,"column":6},"end":{"line":263,"column":6}},{"start":{"line":263,"column":6},"end":{"line":263,"column":6}}]}}},"src/marionette.renderer.js":{"path":"src/marionette.renderer.js","s":{"1":1,"2":543,"3":2,"4":541,"5":541,"6":535,"7":6,"8":541},"b":{"1":[2,541],"2":[535,6]},"f":{"1":543},"fnMap":{"1":{"name":"(anonymous_1)","line":12,"loc":{"start":{"line":12,"column":10},"end":{"line":12,"column":35}}}},"statementMap":{"1":{"start":{"line":6,"column":0},"end":{"line":29,"column":2}},"2":{"start":{"line":13,"column":4},"end":{"line":18,"column":5}},"3":{"start":{"line":14,"column":6},"end":{"line":17,"column":9}},"4":{"start":{"line":20,"column":4},"end":{"line":20,"column":21}},"5":{"start":{"line":21,"column":4},"end":{"line":25,"column":5}},"6":{"start":{"line":22,"column":6},"end":{"line":22,"column":30}},"7":{"start":{"line":24,"column":6},"end":{"line":24,"column":60}},"8":{"start":{"line":27,"column":4},"end":{"line":27,"column":30}}},"branchMap":{"1":{"line":13,"type":"if","locations":[{"start":{"line":13,"column":4},"end":{"line":13,"column":4}},{"start":{"line":13,"column":4},"end":{"line":13,"column":4}}]},"2":{"line":21,"type":"if","locations":[{"start":{"line":21,"column":4},"end":{"line":21,"column":4}},{"start":{"line":21,"column":4},"end":{"line":21,"column":4}}]}}},"src/marionette.templatecache.js":{"path":"src/marionette.templatecache.js","s":{"1":1,"2":19,"3":1,"4":23,"5":23,"6":19,"7":19,"8":23,"9":13,"10":13,"11":13,"12":13,"13":4,"14":6,"15":9,"16":1,"17":23,"18":4,"19":19,"20":18,"21":18,"22":19,"23":19,"24":1,"25":18,"26":18},"b":{"1":[19,4],"2":[4,9],"3":[4,19],"4":[1,18],"5":[19,18]},"f":{"1":19,"2":23,"3":13,"4":23,"5":19,"6":18},"fnMap":{"1":{"name":"(anonymous_1)","line":6,"loc":{"start":{"line":6,"column":27},"end":{"line":6,"column":48}}},"2":{"name":"(anonymous_2)","line":19,"loc":{"start":{"line":19,"column":7},"end":{"line":19,"column":28}}},"3":{"name":"(anonymous_3)","line":37,"loc":{"start":{"line":37,"column":9},"end":{"line":37,"column":20}}},"4":{"name":"(anonymous_4)","line":58,"loc":{"start":{"line":58,"column":8},"end":{"line":58,"column":19}}},"5":{"name":"(anonymous_5)","line":76,"loc":{"start":{"line":76,"column":16},"end":{"line":76,"column":37}}},"6":{"name":"(anonymous_6)","line":93,"loc":{"start":{"line":93,"column":19},"end":{"line":93,"column":41}}}},"statementMap":{"1":{"start":{"line":6,"column":0},"end":{"line":8,"column":2}},"2":{"start":{"line":7,"column":2},"end":{"line":7,"column":31}},"3":{"start":{"line":13,"column":0},"end":{"line":50,"column":3}},"4":{"start":{"line":20,"column":4},"end":{"line":20,"column":57}},"5":{"start":{"line":22,"column":4},"end":{"line":25,"column":5}},"6":{"start":{"line":23,"column":6},"end":{"line":23,"column":64}},"7":{"start":{"line":24,"column":6},"end":{"line":24,"column":55}},"8":{"start":{"line":27,"column":4},"end":{"line":27,"column":33}},"9":{"start":{"line":38,"column":4},"end":{"line":38,"column":10}},"10":{"start":{"line":39,"column":4},"end":{"line":39,"column":37}},"11":{"start":{"line":40,"column":4},"end":{"line":40,"column":29}},"12":{"start":{"line":42,"column":4},"end":{"line":48,"column":5}},"13":{"start":{"line":43,"column":6},"end":{"line":45,"column":7}},"14":{"start":{"line":44,"column":8},"end":{"line":44,"column":44}},"15":{"start":{"line":47,"column":6},"end":{"line":47,"column":31}},"16":{"start":{"line":55,"column":0},"end":{"line":96,"column":3}},"17":{"start":{"line":60,"column":4},"end":{"line":62,"column":5}},"18":{"start":{"line":61,"column":6},"end":{"line":61,"column":35}},"19":{"start":{"line":65,"column":4},"end":{"line":65,"column":54}},"20":{"start":{"line":66,"column":4},"end":{"line":66,"column":59}},"21":{"start":{"line":68,"column":4},"end":{"line":68,"column":33}},"22":{"start":{"line":77,"column":4},"end":{"line":77,"column":49}},"23":{"start":{"line":79,"column":4},"end":{"line":84,"column":5}},"24":{"start":{"line":80,"column":6},"end":{"line":83,"column":9}},"25":{"start":{"line":86,"column":4},"end":{"line":86,"column":20}},"26":{"start":{"line":94,"column":4},"end":{"line":94,"column":35}}},"branchMap":{"1":{"line":22,"type":"if","locations":[{"start":{"line":22,"column":4},"end":{"line":22,"column":4}},{"start":{"line":22,"column":4},"end":{"line":22,"column":4}}]},"2":{"line":42,"type":"if","locations":[{"start":{"line":42,"column":4},"end":{"line":42,"column":4}},{"start":{"line":42,"column":4},"end":{"line":42,"column":4}}]},"3":{"line":60,"type":"if","locations":[{"start":{"line":60,"column":4},"end":{"line":60,"column":4}},{"start":{"line":60,"column":4},"end":{"line":60,"column":4}}]},"4":{"line":79,"type":"if","locations":[{"start":{"line":79,"column":4},"end":{"line":79,"column":4}},{"start":{"line":79,"column":4},"end":{"line":79,"column":4}}]},"5":{"line":79,"type":"binary-expr","locations":[{"start":{"line":79,"column":8},"end":{"line":79,"column":17}},{"start":{"line":79,"column":21},"end":{"line":79,"column":42}}]}}},"src/marionette.view.js":{"path":"src/marionette.view.js","s":{"1":1,"2":1058,"3":1058,"4":1058,"5":1058,"6":1057,"7":1057,"8":548,"9":410,"10":538,"11":538,"12":538,"13":3,"14":538,"15":1085,"16":1085,"17":1085,"18":63,"19":63,"20":63,"21":1067,"22":1049,"23":18,"24":18,"25":18,"26":18,"27":18,"28":1067,"29":1067,"30":1066,"31":1066,"32":79,"33":79,"34":1066,"35":1067,"36":1067,"37":3,"38":1067,"39":1067,"40":1067,"41":1067,"42":1067,"43":1067,"44":1067,"45":1067,"46":1067,"47":1080,"48":1080,"49":1080,"50":1080,"51":1080,"52":87,"53":87,"54":1080,"55":798,"56":5,"57":221,"58":5,"59":216,"60":216,"61":216,"62":216,"63":216,"64":216,"65":216,"66":216,"67":546,"68":546,"69":569,"70":492,"71":77,"72":74,"73":77,"74":77,"75":77,"76":112,"77":112,"78":216,"79":216,"80":225,"81":216,"82":9,"83":10,"84":9,"85":9,"86":20,"87":20,"88":20,"89":20,"90":16,"91":16,"92":16,"93":16,"94":15,"95":16,"96":16,"97":1061,"98":1061,"99":1061,"100":5495,"101":5495,"102":5495,"103":5495,"104":104,"105":5495},"b":{"1":[1,1057],"2":[538,0],"3":[3,535],"4":[1085,1079],"5":[63,63],"6":[1049,18],"7":[1067,1067],"8":[3,1064],"9":[1067,0],"10":[1067,1006],"11":[1067,1006],"12":[5,793],"13":[5,216],"14":[492,77],"15":[74,3],"16":[216,9],"17":[225,9],"18":[1,19],"19":[1,19],"20":[16,0],"21":[16,0],"22":[16,16],"23":[15,1],"24":[16,16]},"f":{"1":1058,"2":548,"3":410,"4":538,"5":1085,"6":63,"7":1067,"8":18,"9":1067,"10":79,"11":1067,"12":1080,"13":87,"14":52,"15":798,"16":221,"17":546,"18":569,"19":112,"20":216,"21":225,"22":10,"23":20,"24":16,"25":1061,"26":5495,"27":104},"fnMap":{"1":{"name":"(anonymous_1)","line":8,"loc":{"start":{"line":8,"column":15},"end":{"line":8,"column":33}}},"2":{"name":"(anonymous_2)","line":29,"loc":{"start":{"line":29,"column":15},"end":{"line":29,"column":26}}},"3":{"name":"(anonymous_3)","line":35,"loc":{"start":{"line":35,"column":18},"end":{"line":35,"column":33}}},"4":{"name":"(anonymous_4)","line":44,"loc":{"start":{"line":44,"column":24},"end":{"line":44,"column":41}}},"5":{"name":"(anonymous_5)","line":55,"loc":{"start":{"line":55,"column":19},"end":{"line":55,"column":34}}},"6":{"name":"(anonymous_6)","line":63,"loc":{"start":{"line":63,"column":21},"end":{"line":63,"column":36}}},"7":{"name":"(anonymous_7)","line":71,"loc":{"start":{"line":71,"column":21},"end":{"line":71,"column":32}}},"8":{"name":"(anonymous_8)","line":81,"loc":{"start":{"line":81,"column":21},"end":{"line":81,"column":42}}},"9":{"name":"(anonymous_9)","line":90,"loc":{"start":{"line":90,"column":18},"end":{"line":90,"column":35}}},"10":{"name":"(anonymous_10)","line":95,"loc":{"start":{"line":95,"column":28},"end":{"line":95,"column":47}}},"11":{"name":"(anonymous_11)","line":104,"loc":{"start":{"line":104,"column":22},"end":{"line":104,"column":42}}},"12":{"name":"(anonymous_12)","line":127,"loc":{"start":{"line":127,"column":20},"end":{"line":127,"column":31}}},"13":{"name":"(anonymous_13)","line":134,"loc":{"start":{"line":134,"column":28},"end":{"line":134,"column":47}}},"14":{"name":"(anonymous_14)","line":143,"loc":{"start":{"line":143,"column":16},"end":{"line":143,"column":27}}},"15":{"name":"(anonymous_15)","line":146,"loc":{"start":{"line":146,"column":23},"end":{"line":146,"column":34}}},"16":{"name":"(anonymous_16)","line":159,"loc":{"start":{"line":159,"column":11},"end":{"line":159,"column":22}}},"17":{"name":"(anonymous_17)","line":187,"loc":{"start":{"line":187,"column":18},"end":{"line":187,"column":29}}},"18":{"name":"(anonymous_18)","line":194,"loc":{"start":{"line":194,"column":19},"end":{"line":194,"column":30}}},"19":{"name":"(anonymous_19)","line":210,"loc":{"start":{"line":210,"column":29},"end":{"line":210,"column":43}}},"20":{"name":"(anonymous_20)","line":217,"loc":{"start":{"line":217,"column":20},"end":{"line":217,"column":31}}},"21":{"name":"(anonymous_21)","line":222,"loc":{"start":{"line":222,"column":21},"end":{"line":222,"column":32}}},"22":{"name":"(anonymous_22)","line":226,"loc":{"start":{"line":226,"column":20},"end":{"line":226,"column":40}}},"23":{"name":"(anonymous_23)","line":237,"loc":{"start":{"line":237,"column":21},"end":{"line":237,"column":42}}},"24":{"name":"(anonymous_24)","line":247,"loc":{"start":{"line":247,"column":11},"end":{"line":247,"column":23}}},"25":{"name":"(anonymous_25)","line":268,"loc":{"start":{"line":268,"column":14},"end":{"line":268,"column":25}}},"26":{"name":"(anonymous_26)","line":281,"loc":{"start":{"line":281,"column":17},"end":{"line":281,"column":28}}},"27":{"name":"(anonymous_27)","line":286,"loc":{"start":{"line":286,"column":28},"end":{"line":286,"column":40}}}},"statementMap":{"1":{"start":{"line":6,"column":0},"end":{"line":305,"column":3}},"2":{"start":{"line":9,"column":4},"end":{"line":9,"column":30}},"3":{"start":{"line":15,"column":4},"end":{"line":15,"column":113}},"4":{"start":{"line":17,"column":4},"end":{"line":17,"column":49}},"5":{"start":{"line":19,"column":4},"end":{"line":19,"column":41}},"6":{"start":{"line":21,"column":4},"end":{"line":21,"column":39}},"7":{"start":{"line":22,"column":4},"end":{"line":22,"column":51}},"8":{"start":{"line":30,"column":4},"end":{"line":30,"column":38}},"9":{"start":{"line":36,"column":4},"end":{"line":36,"column":63}},"10":{"start":{"line":45,"column":4},"end":{"line":45,"column":26}},"11":{"start":{"line":46,"column":4},"end":{"line":46,"column":60}},"12":{"start":{"line":47,"column":4},"end":{"line":49,"column":5}},"13":{"start":{"line":48,"column":6},"end":{"line":48,"column":51}},"14":{"start":{"line":50,"column":4},"end":{"line":50,"column":45}},"15":{"start":{"line":56,"column":4},"end":{"line":56,"column":34}},"16":{"start":{"line":57,"column":4},"end":{"line":57,"column":51}},"17":{"start":{"line":58,"column":4},"end":{"line":58,"column":62}},"18":{"start":{"line":64,"column":4},"end":{"line":64,"column":34}},"19":{"start":{"line":65,"column":4},"end":{"line":65,"column":51}},"20":{"start":{"line":66,"column":4},"end":{"line":66,"column":64}},"21":{"start":{"line":72,"column":4},"end":{"line":72,"column":35}},"22":{"start":{"line":72,"column":26},"end":{"line":72,"column":33}},"23":{"start":{"line":74,"column":4},"end":{"line":74,"column":27}},"24":{"start":{"line":77,"column":4},"end":{"line":77,"column":68}},"25":{"start":{"line":81,"column":4},"end":{"line":83,"column":13}},"26":{"start":{"line":82,"column":6},"end":{"line":82,"column":57}},"27":{"start":{"line":85,"column":4},"end":{"line":85,"column":25}},"28":{"start":{"line":91,"column":4},"end":{"line":91,"column":36}},"29":{"start":{"line":92,"column":4},"end":{"line":92,"column":69}},"30":{"start":{"line":93,"column":4},"end":{"line":93,"column":79}},"31":{"start":{"line":95,"column":4},"end":{"line":98,"column":13}},"32":{"start":{"line":96,"column":6},"end":{"line":96,"column":79}},"33":{"start":{"line":97,"column":6},"end":{"line":97,"column":89}},"34":{"start":{"line":100,"column":4},"end":{"line":100,"column":16}},"35":{"start":{"line":105,"column":4},"end":{"line":105,"column":42}},"36":{"start":{"line":106,"column":4},"end":{"line":106,"column":61}},"37":{"start":{"line":106,"column":32},"end":{"line":106,"column":59}},"38":{"start":{"line":109,"column":4},"end":{"line":109,"column":42}},"39":{"start":{"line":110,"column":4},"end":{"line":110,"column":56}},"40":{"start":{"line":110,"column":34},"end":{"line":110,"column":55}},"41":{"start":{"line":112,"column":4},"end":{"line":112,"column":28}},"42":{"start":{"line":115,"column":4},"end":{"line":115,"column":64}},"43":{"start":{"line":116,"column":4},"end":{"line":116,"column":44}},"44":{"start":{"line":117,"column":4},"end":{"line":117,"column":68}},"45":{"start":{"line":120,"column":4},"end":{"line":120,"column":81}},"46":{"start":{"line":122,"column":4},"end":{"line":122,"column":70}},"47":{"start":{"line":128,"column":4},"end":{"line":128,"column":37}},"48":{"start":{"line":129,"column":4},"end":{"line":129,"column":63}},"49":{"start":{"line":131,"column":4},"end":{"line":131,"column":71}},"50":{"start":{"line":132,"column":4},"end":{"line":132,"column":81}},"51":{"start":{"line":134,"column":4},"end":{"line":137,"column":13}},"52":{"start":{"line":135,"column":6},"end":{"line":135,"column":81}},"53":{"start":{"line":136,"column":6},"end":{"line":136,"column":91}},"54":{"start":{"line":139,"column":4},"end":{"line":139,"column":16}},"55":{"start":{"line":147,"column":4},"end":{"line":152,"column":5}},"56":{"start":{"line":148,"column":6},"end":{"line":151,"column":9}},"57":{"start":{"line":160,"column":4},"end":{"line":160,"column":37}},"58":{"start":{"line":160,"column":28},"end":{"line":160,"column":35}},"59":{"start":{"line":162,"column":4},"end":{"line":162,"column":37}},"60":{"start":{"line":164,"column":4},"end":{"line":164,"column":68}},"61":{"start":{"line":169,"column":4},"end":{"line":169,"column":28}},"62":{"start":{"line":170,"column":4},"end":{"line":170,"column":61}},"63":{"start":{"line":173,"column":4},"end":{"line":173,"column":28}},"64":{"start":{"line":176,"column":4},"end":{"line":176,"column":18}},"65":{"start":{"line":182,"column":4},"end":{"line":182,"column":47}},"66":{"start":{"line":184,"column":4},"end":{"line":184,"column":16}},"67":{"start":{"line":188,"column":4},"end":{"line":188,"column":27}},"68":{"start":{"line":189,"column":4},"end":{"line":189,"column":52}},"69":{"start":{"line":195,"column":4},"end":{"line":195,"column":29}},"70":{"start":{"line":195,"column":20},"end":{"line":195,"column":27}},"71":{"start":{"line":199,"column":4},"end":{"line":201,"column":5}},"72":{"start":{"line":200,"column":6},"end":{"line":200,"column":33}},"73":{"start":{"line":204,"column":4},"end":{"line":204,"column":49}},"74":{"start":{"line":207,"column":4},"end":{"line":207,"column":17}},"75":{"start":{"line":210,"column":4},"end":{"line":213,"column":13}},"76":{"start":{"line":211,"column":6},"end":{"line":211,"column":35}},"77":{"start":{"line":212,"column":6},"end":{"line":212,"column":38}},"78":{"start":{"line":218,"column":4},"end":{"line":218,"column":29}},"79":{"start":{"line":219,"column":4},"end":{"line":219,"column":54}},"80":{"start":{"line":223,"column":4},"end":{"line":223,"column":50}},"81":{"start":{"line":223,"column":41},"end":{"line":223,"column":48}},"82":{"start":{"line":226,"column":4},"end":{"line":228,"column":13}},"83":{"start":{"line":227,"column":6},"end":{"line":227,"column":27}},"84":{"start":{"line":231,"column":4},"end":{"line":231,"column":31}},"85":{"start":{"line":232,"column":4},"end":{"line":232,"column":28}},"86":{"start":{"line":238,"column":4},"end":{"line":238,"column":44}},"87":{"start":{"line":240,"column":4},"end":{"line":243,"column":7}},"88":{"start":{"line":245,"column":4},"end":{"line":245,"column":60}},"89":{"start":{"line":247,"column":4},"end":{"line":265,"column":6}},"90":{"start":{"line":248,"column":6},"end":{"line":256,"column":7}},"91":{"start":{"line":249,"column":8},"end":{"line":251,"column":9}},"92":{"start":{"line":250,"column":10},"end":{"line":250,"column":29}},"93":{"start":{"line":253,"column":8},"end":{"line":255,"column":9}},"94":{"start":{"line":254,"column":10},"end":{"line":254,"column":30}},"95":{"start":{"line":258,"column":6},"end":{"line":262,"column":8}},"96":{"start":{"line":264,"column":6},"end":{"line":264,"column":42}},"97":{"start":{"line":269,"column":4},"end":{"line":269,"column":72}},"98":{"start":{"line":274,"column":4},"end":{"line":274,"column":59}},"99":{"start":{"line":276,"column":4},"end":{"line":276,"column":15}},"100":{"start":{"line":282,"column":4},"end":{"line":282,"column":25}},"101":{"start":{"line":283,"column":4},"end":{"line":283,"column":49}},"102":{"start":{"line":285,"column":4},"end":{"line":285,"column":46}},"103":{"start":{"line":286,"column":4},"end":{"line":288,"column":7}},"104":{"start":{"line":287,"column":6},"end":{"line":287,"column":35}},"105":{"start":{"line":290,"column":4},"end":{"line":290,"column":15}}},"branchMap":{"1":{"line":15,"type":"cond-expr","locations":[{"start":{"line":15,"column":83},"end":{"line":15,"column":101}},{"start":{"line":15,"column":104},"end":{"line":15,"column":111}}]},"2":{"line":45,"type":"binary-expr","locations":[{"start":{"line":45,"column":13},"end":{"line":45,"column":19}},{"start":{"line":45,"column":23},"end":{"line":45,"column":25}}]},"3":{"line":47,"type":"if","locations":[{"start":{"line":47,"column":4},"end":{"line":47,"column":4}},{"start":{"line":47,"column":4},"end":{"line":47,"column":4}}]},"4":{"line":58,"type":"binary-expr","locations":[{"start":{"line":58,"column":44},"end":{"line":58,"column":54}},{"start":{"line":58,"column":58},"end":{"line":58,"column":60}}]},"5":{"line":66,"type":"binary-expr","locations":[{"start":{"line":66,"column":46},"end":{"line":66,"column":56}},{"start":{"line":66,"column":60},"end":{"line":66,"column":62}}]},"6":{"line":72,"type":"if","locations":[{"start":{"line":72,"column":4},"end":{"line":72,"column":4}},{"start":{"line":72,"column":4},"end":{"line":72,"column":4}}]},"7":{"line":105,"type":"binary-expr","locations":[{"start":{"line":105,"column":17},"end":{"line":105,"column":26}},{"start":{"line":105,"column":30},"end":{"line":105,"column":41}}]},"8":{"line":106,"type":"if","locations":[{"start":{"line":106,"column":4},"end":{"line":106,"column":4}},{"start":{"line":106,"column":4},"end":{"line":106,"column":4}}]},"9":{"line":110,"type":"if","locations":[{"start":{"line":110,"column":4},"end":{"line":110,"column":4}},{"start":{"line":110,"column":4},"end":{"line":110,"column":4}}]},"10":{"line":115,"type":"binary-expr","locations":[{"start":{"line":115,"column":25},"end":{"line":115,"column":57}},{"start":{"line":115,"column":61},"end":{"line":115,"column":63}}]},"11":{"line":117,"type":"binary-expr","locations":[{"start":{"line":117,"column":27},"end":{"line":117,"column":61}},{"start":{"line":117,"column":65},"end":{"line":117,"column":67}}]},"12":{"line":147,"type":"if","locations":[{"start":{"line":147,"column":4},"end":{"line":147,"column":4}},{"start":{"line":147,"column":4},"end":{"line":147,"column":4}}]},"13":{"line":160,"type":"if","locations":[{"start":{"line":160,"column":4},"end":{"line":160,"column":4}},{"start":{"line":160,"column":4},"end":{"line":160,"column":4}}]},"14":{"line":195,"type":"if","locations":[{"start":{"line":195,"column":4},"end":{"line":195,"column":4}},{"start":{"line":195,"column":4},"end":{"line":195,"column":4}}]},"15":{"line":199,"type":"if","locations":[{"start":{"line":199,"column":4},"end":{"line":199,"column":4}},{"start":{"line":199,"column":4},"end":{"line":199,"column":4}}]},"16":{"line":223,"type":"if","locations":[{"start":{"line":223,"column":4},"end":{"line":223,"column":4}},{"start":{"line":223,"column":4},"end":{"line":223,"column":4}}]},"17":{"line":223,"type":"binary-expr","locations":[{"start":{"line":223,"column":8},"end":{"line":223,"column":16}},{"start":{"line":223,"column":20},"end":{"line":223,"column":37}}]},"18":{"line":240,"type":"cond-expr","locations":[{"start":{"line":240,"column":47},"end":{"line":240,"column":57}},{"start":{"line":240,"column":60},"end":{"line":240,"column":62}}]},"19":{"line":245,"type":"cond-expr","locations":[{"start":{"line":245,"column":33},"end":{"line":245,"column":46}},{"start":{"line":245,"column":49},"end":{"line":245,"column":59}}]},"20":{"line":248,"type":"if","locations":[{"start":{"line":248,"column":6},"end":{"line":248,"column":6}},{"start":{"line":248,"column":6},"end":{"line":248,"column":6}}]},"21":{"line":249,"type":"if","locations":[{"start":{"line":249,"column":8},"end":{"line":249,"column":8}},{"start":{"line":249,"column":8},"end":{"line":249,"column":8}}]},"22":{"line":249,"type":"binary-expr","locations":[{"start":{"line":249,"column":12},"end":{"line":249,"column":28}},{"start":{"line":249,"column":32},"end":{"line":249,"column":54}}]},"23":{"line":253,"type":"if","locations":[{"start":{"line":253,"column":8},"end":{"line":253,"column":8}},{"start":{"line":253,"column":8},"end":{"line":253,"column":8}}]},"24":{"line":253,"type":"binary-expr","locations":[{"start":{"line":253,"column":12},"end":{"line":253,"column":29}},{"start":{"line":253,"column":33},"end":{"line":253,"column":56}}]}}},"src/marionette.itemview.js":{"path":"src/marionette.itemview.js","s":{"1":1,"2":708,"3":457,"4":457,"5":359,"6":98,"7":6,"8":457,"9":6,"10":459,"11":458,"12":458,"13":457,"14":457,"15":457,"16":458,"17":458,"18":9,"19":449,"20":1,"21":448,"22":448,"23":448,"24":448,"25":448,"26":446,"27":446,"28":173,"29":2,"30":171},"b":{"1":[359,98],"2":[6,92],"3":[9,449],"4":[1,448],"5":[2,171]},"f":{"1":708,"2":457,"3":6,"4":459,"5":458,"6":446,"7":173},"fnMap":{"1":{"name":"(anonymous_1)","line":11,"loc":{"start":{"line":11,"column":15},"end":{"line":11,"column":26}}},"2":{"name":"(anonymous_2)","line":22,"loc":{"start":{"line":22,"column":17},"end":{"line":22,"column":27}}},"3":{"name":"(anonymous_3)","line":36,"loc":{"start":{"line":36,"column":23},"end":{"line":36,"column":43}}},"4":{"name":"(anonymous_4)","line":45,"loc":{"start":{"line":45,"column":10},"end":{"line":45,"column":21}}},"5":{"name":"(anonymous_5)","line":62,"loc":{"start":{"line":62,"column":19},"end":{"line":62,"column":30}}},"6":{"name":"(anonymous_6)","line":100,"loc":{"start":{"line":100,"column":19},"end":{"line":100,"column":34}}},"7":{"name":"(anonymous_7)","line":108,"loc":{"start":{"line":108,"column":11},"end":{"line":108,"column":22}}}},"statementMap":{"1":{"start":{"line":7,"column":0},"end":{"line":113,"column":3}},"2":{"start":{"line":12,"column":4},"end":{"line":12,"column":43}},"3":{"start":{"line":23,"column":4},"end":{"line":23,"column":18}},"4":{"start":{"line":25,"column":4},"end":{"line":30,"column":5}},"5":{"start":{"line":26,"column":6},"end":{"line":26,"column":79}},"6":{"start":{"line":28,"column":9},"end":{"line":30,"column":5}},"7":{"start":{"line":29,"column":6},"end":{"line":29,"column":100}},"8":{"start":{"line":32,"column":4},"end":{"line":32,"column":16}},"9":{"start":{"line":37,"column":4},"end":{"line":37,"column":73}},"10":{"start":{"line":46,"column":4},"end":{"line":46,"column":31}},"11":{"start":{"line":48,"column":4},"end":{"line":48,"column":46}},"12":{"start":{"line":50,"column":4},"end":{"line":50,"column":27}},"13":{"start":{"line":51,"column":4},"end":{"line":51,"column":26}},"14":{"start":{"line":53,"column":4},"end":{"line":53,"column":39}},"15":{"start":{"line":55,"column":4},"end":{"line":55,"column":16}},"16":{"start":{"line":63,"column":4},"end":{"line":63,"column":38}},"17":{"start":{"line":66,"column":4},"end":{"line":68,"column":5}},"18":{"start":{"line":67,"column":6},"end":{"line":67,"column":13}},"19":{"start":{"line":70,"column":4},"end":{"line":75,"column":5}},"20":{"start":{"line":71,"column":6},"end":{"line":74,"column":9}},"21":{"start":{"line":78,"column":4},"end":{"line":78,"column":36}},"22":{"start":{"line":79,"column":4},"end":{"line":79,"column":43}},"23":{"start":{"line":82,"column":4},"end":{"line":82,"column":64}},"24":{"start":{"line":83,"column":4},"end":{"line":83,"column":31}},"25":{"start":{"line":85,"column":4},"end":{"line":85,"column":16}},"26":{"start":{"line":101,"column":4},"end":{"line":101,"column":24}},"27":{"start":{"line":103,"column":4},"end":{"line":103,"column":16}},"28":{"start":{"line":109,"column":4},"end":{"line":109,"column":37}},"29":{"start":{"line":109,"column":28},"end":{"line":109,"column":35}},"30":{"start":{"line":111,"column":4},"end":{"line":111,"column":68}}},"branchMap":{"1":{"line":25,"type":"if","locations":[{"start":{"line":25,"column":4},"end":{"line":25,"column":4}},{"start":{"line":25,"column":4},"end":{"line":25,"column":4}}]},"2":{"line":28,"type":"if","locations":[{"start":{"line":28,"column":9},"end":{"line":28,"column":9}},{"start":{"line":28,"column":9},"end":{"line":28,"column":9}}]},"3":{"line":66,"type":"if","locations":[{"start":{"line":66,"column":4},"end":{"line":66,"column":4}},{"start":{"line":66,"column":4},"end":{"line":66,"column":4}}]},"4":{"line":70,"type":"if","locations":[{"start":{"line":70,"column":4},"end":{"line":70,"column":4}},{"start":{"line":70,"column":4},"end":{"line":70,"column":4}}]},"5":{"line":109,"type":"if","locations":[{"start":{"line":109,"column":4},"end":{"line":109,"column":4}},{"start":{"line":109,"column":4},"end":{"line":109,"column":4}}]}}},"src/marionette.layoutview.js":{"path":"src/marionette.layoutview.js","s":{"1":1,"2":63,"3":63,"4":63,"5":63,"6":55,"7":54,"8":42,"9":12,"10":54,"11":11,"12":3,"13":8,"14":8,"15":16,"16":16,"17":16,"18":16,"19":63,"20":63,"21":5,"22":5,"23":5,"24":11,"25":1,"26":79,"27":79,"28":43,"29":79,"30":63,"31":63,"32":63,"33":2,"34":61,"35":63,"36":63,"37":3,"38":63,"39":63,"40":63,"41":12,"42":12,"43":18,"44":61,"45":63,"46":63,"47":97,"48":63,"49":97,"50":97,"51":63,"52":17,"53":63,"54":17,"55":17},"b":{"1":[63,36],"2":[42,12],"3":[3,8],"4":[2,61],"5":[61,25],"6":[3,60]},"f":{"1":63,"2":55,"3":11,"4":16,"5":63,"6":5,"7":11,"8":1,"9":79,"10":43,"11":63,"12":12,"13":18,"14":61,"15":63,"16":97,"17":97,"18":17,"19":17},"fnMap":{"1":{"name":"(anonymous_1)","line":15,"loc":{"start":{"line":15,"column":15},"end":{"line":15,"column":33}}},"2":{"name":"(anonymous_2)","line":28,"loc":{"start":{"line":28,"column":10},"end":{"line":28,"column":21}}},"3":{"name":"(anonymous_3)","line":45,"loc":{"start":{"line":45,"column":11},"end":{"line":45,"column":22}}},"4":{"name":"(anonymous_4)","line":53,"loc":{"start":{"line":53,"column":13},"end":{"line":53,"column":40}}},"5":{"name":"(anonymous_5)","line":61,"loc":{"start":{"line":61,"column":14},"end":{"line":61,"column":32}}},"6":{"name":"(anonymous_6)","line":67,"loc":{"start":{"line":67,"column":16},"end":{"line":67,"column":31}}},"7":{"name":"(anonymous_7)","line":76,"loc":{"start":{"line":76,"column":13},"end":{"line":76,"column":30}}},"8":{"name":"(anonymous_8)","line":81,"loc":{"start":{"line":81,"column":14},"end":{"line":81,"column":24}}},"9":{"name":"(anonymous_9)","line":86,"loc":{"start":{"line":86,"column":17},"end":{"line":86,"column":35}}},"10":{"name":"(anonymous_10)","line":91,"loc":{"start":{"line":91,"column":16},"end":{"line":91,"column":27}}},"11":{"name":"(anonymous_11)","line":99,"loc":{"start":{"line":99,"column":22},"end":{"line":99,"column":40}}},"12":{"name":"(anonymous_12)","line":128,"loc":{"start":{"line":128,"column":24},"end":{"line":128,"column":35}}},"13":{"name":"(anonymous_13)","line":130,"loc":{"start":{"line":130,"column":28},"end":{"line":130,"column":45}}},"14":{"name":"(anonymous_14)","line":138,"loc":{"start":{"line":138,"column":20},"end":{"line":138,"column":31}}},"15":{"name":"(anonymous_15)","line":144,"loc":{"start":{"line":144,"column":22},"end":{"line":144,"column":33}}},"16":{"name":"(anonymous_16)","line":147,"loc":{"start":{"line":147,"column":59},"end":{"line":147,"column":74}}},"17":{"name":"(anonymous_17)","line":151,"loc":{"start":{"line":151,"column":52},"end":{"line":151,"column":75}}},"18":{"name":"(anonymous_18)","line":156,"loc":{"start":{"line":156,"column":62},"end":{"line":156,"column":77}}},"19":{"name":"(anonymous_19)","line":160,"loc":{"start":{"line":160,"column":55},"end":{"line":160,"column":78}}}},"statementMap":{"1":{"start":{"line":10,"column":0},"end":{"line":165,"column":3}},"2":{"start":{"line":16,"column":4},"end":{"line":16,"column":28}},"3":{"start":{"line":18,"column":4},"end":{"line":18,"column":29}},"4":{"start":{"line":19,"column":4},"end":{"line":19,"column":37}},"5":{"start":{"line":21,"column":4},"end":{"line":21,"column":44}},"6":{"start":{"line":29,"column":4},"end":{"line":29,"column":31}},"7":{"start":{"line":31,"column":4},"end":{"line":39,"column":5}},"8":{"start":{"line":34,"column":6},"end":{"line":34,"column":32}},"9":{"start":{"line":38,"column":6},"end":{"line":38,"column":34}},"10":{"start":{"line":41,"column":4},"end":{"line":41,"column":71}},"11":{"start":{"line":46,"column":4},"end":{"line":46,"column":42}},"12":{"start":{"line":46,"column":28},"end":{"line":46,"column":40}},"13":{"start":{"line":48,"column":4},"end":{"line":48,"column":33}},"14":{"start":{"line":49,"column":4},"end":{"line":49,"column":72}},"15":{"start":{"line":54,"column":4},"end":{"line":54,"column":50}},"16":{"start":{"line":55,"column":4},"end":{"line":55,"column":21}},"17":{"start":{"line":56,"column":4},"end":{"line":56,"column":31}},"18":{"start":{"line":57,"column":4},"end":{"line":57,"column":45}},"19":{"start":{"line":62,"column":4},"end":{"line":62,"column":55}},"20":{"start":{"line":63,"column":4},"end":{"line":63,"column":39}},"21":{"start":{"line":68,"column":4},"end":{"line":68,"column":53}},"22":{"start":{"line":69,"column":4},"end":{"line":69,"column":30}},"23":{"start":{"line":70,"column":4},"end":{"line":70,"column":49}},"24":{"start":{"line":77,"column":4},"end":{"line":77,"column":42}},"25":{"start":{"line":82,"column":4},"end":{"line":82,"column":43}},"26":{"start":{"line":87,"column":4},"end":{"line":87,"column":20}},"27":{"start":{"line":89,"column":4},"end":{"line":92,"column":6}},"28":{"start":{"line":91,"column":29},"end":{"line":91,"column":45}},"29":{"start":{"line":94,"column":4},"end":{"line":94,"column":60}},"30":{"start":{"line":100,"column":4},"end":{"line":100,"column":16}},"31":{"start":{"line":101,"column":4},"end":{"line":101,"column":30}},"32":{"start":{"line":103,"column":4},"end":{"line":107,"column":5}},"33":{"start":{"line":104,"column":6},"end":{"line":104,"column":38}},"34":{"start":{"line":106,"column":6},"end":{"line":106,"column":35}},"35":{"start":{"line":110,"column":4},"end":{"line":110,"column":64}},"36":{"start":{"line":113,"column":4},"end":{"line":115,"column":5}},"37":{"start":{"line":114,"column":6},"end":{"line":114,"column":56}},"38":{"start":{"line":117,"column":4},"end":{"line":117,"column":37}},"39":{"start":{"line":121,"column":4},"end":{"line":121,"column":46}},"40":{"start":{"line":123,"column":4},"end":{"line":123,"column":29}},"41":{"start":{"line":129,"column":4},"end":{"line":129,"column":38}},"42":{"start":{"line":130,"column":4},"end":{"line":132,"column":7}},"43":{"start":{"line":131,"column":6},"end":{"line":131,"column":21}},"44":{"start":{"line":139,"column":4},"end":{"line":139,"column":42}},"45":{"start":{"line":145,"column":4},"end":{"line":145,"column":49}},"46":{"start":{"line":147,"column":4},"end":{"line":149,"column":7}},"47":{"start":{"line":148,"column":6},"end":{"line":148,"column":52}},"48":{"start":{"line":151,"column":4},"end":{"line":154,"column":7}},"49":{"start":{"line":152,"column":6},"end":{"line":152,"column":26}},"50":{"start":{"line":153,"column":6},"end":{"line":153,"column":53}},"51":{"start":{"line":156,"column":4},"end":{"line":158,"column":7}},"52":{"start":{"line":157,"column":6},"end":{"line":157,"column":55}},"53":{"start":{"line":160,"column":4},"end":{"line":163,"column":7}},"54":{"start":{"line":161,"column":6},"end":{"line":161,"column":24}},"55":{"start":{"lin
[...]
"column":75}},"16":{"start":{"line":60,"column":4},"end":{"line":62,"column":5}},"17":{"start":{"line":61,"column":6},"end":{"line":61,"column":60}},"18":{"start":{"line":64,"column":4},"end":{"line":67,"column":7}},"19":{"start":{"line":72,"column":4},"end":{"line":72,"column":52}},"20":{"start":{"line":80,"column":4},"end":{"line":80,"column":69}},"21":{"start":{"line":81,"column":4},"end":{"line":81,"column":66}},"22":{"start":{"line":83,"column":4},"end":{"line":85,"column":5}},"23":{"start":{"line":84,"column":6},"end":{"line":84,"column":41}},"24":{"start":{"line":87,"column":4},"end":{"line":87,"column":42}},"25":{"start":{"line":95,"column":4},"end":{"line":106,"column":5}},"26":{"start":{"line":96,"column":6},"end":{"line":105,"column":8}},"27":{"start":{"line":97,"column":8},"end":{"line":99,"column":9}},"28":{"start":{"line":98,"column":10},"end":{"line":98,"column":32}},"29":{"start":{"line":100,"column":8},"end":{"line":100,"column":45}},"30":{"start":{"line":101,"column":8},"end":{"line":103,"column":9}},"31":{"start":{"line":102,"column":10},"end":{"line":102,"column":32}},"32":{"start":{"line":104,"column":8},"end":{"line":104,"column":33}},"33":{"start":{"line":108,"column":4},"end":{"line":108,"column":18}},"34":{"start":{"line":113,"column":4},"end":{"line":113,"column":29}},"35":{"start":{"line":121,"column":0},"end":{"line":287,"column":3}},"36":{"start":{"line":134,"column":4},"end":{"line":134,"column":26}},"37":{"start":{"line":136,"column":4},"end":{"line":136,"column":36}},"38":{"start":{"line":137,"column":4},"end":{"line":137,"column":52}},"39":{"start":{"line":138,"column":4},"end":{"line":138,"column":55}},"40":{"start":{"line":139,"column":4},"end":{"line":139,"column":44}},"41":{"start":{"line":142,"column":4},"end":{"line":142,"column":44}},"42":{"start":{"line":145,"column":4},"end":{"line":145,"column":64}},"43":{"start":{"line":148,"column":4},"end":{"line":148,"column":55}},"44":{"start":{"line":150,"column":4},"end":{"line":152,"column":5}},"45":{"start":{"line":151,"column":6},"end":{"line":151,"column":61}},"46":{"start":{"line":154,"column":4},"end":{"line":156,"column":5}},"47":{"start":{"line":155,"column":6},"end":{"line":155,"column":19}},"48":{"start":{"line":158,"column":4},"end":{"line":190,"column":5}},"49":{"start":{"line":165,"column":6},"end":{"line":165,"column":53}},"50":{"start":{"line":166,"column":6},"end":{"line":166,"column":20}},"51":{"start":{"line":168,"column":6},"end":{"line":170,"column":7}},"52":{"start":{"line":169,"column":8},"end":{"line":169,"column":48}},"53":{"start":{"line":172,"column":6},"end":{"line":172,"column":46}},"54":{"start":{"line":173,"column":6},"end":{"line":173,"column":54}},"55":{"start":{"line":175,"column":6},"end":{"line":177,"column":7}},"56":{"start":{"line":176,"column":8},"end":{"line":176,"column":56}},"57":{"start":{"line":179,"column":6},"end":{"line":179,"column":28}},"58":{"start":{"line":180,"column":6},"end":{"line":180,"column":30}},"59":{"start":{"line":182,"column":6},"end":{"line":184,"column":7}},"60":{"start":{"line":183,"column":8},"end":{"line":183,"column":41}},"61":{"start":{"line":186,"column":6},"end":{"line":186,"column":39}},"62":{"start":{"line":187,"column":6},"end":{"line":187,"column":47}},"63":{"start":{"line":189,"column":6},"end":{"line":189,"column":18}},"64":{"start":{"line":192,"column":4},"end":{"line":192,"column":16}},"65":{"start":{"line":196,"column":4},"end":{"line":199,"column":5}},"66":{"start":{"line":197,"column":6},"end":{"line":197,"column":37}},"67":{"start":{"line":198,"column":6},"end":{"line":198,"column":28}},"68":{"start":{"line":201,"column":4},"end":{"line":203,"column":5}},"69":{"start":{"line":202,"column":6},"end":{"line":202,"column":88}},"70":{"start":{"line":209,"column":4},"end":{"line":209,"column":26}},"71":{"start":{"line":216,"column":4},"end":{"line":216,"column":25}},"72":{"start":{"line":217,"column":4},"end":{"line":217,"column":33}},"73":{"start":{"line":223,"column":4},"end":{"line":223,"column":32}},"74":{"start":{"line":227,"column":4},"end":{"line":227,"column":26}},"75":{"start":{"line":227,"column":17},"end":{"line":227,"column":24}},"76":{"start":{"line":229,"column":4},"end":{"line":229,"column":45}},"77":{"start":{"line":230,"column":4},"end":{"line":230,"column":24}},"78":{"start":{"line":231,"column":4},"end":{"line":231,"column":38}},"79":{"start":{"line":234,"column":4},"end":{"line":234,"column":28}},"80":{"start":{"line":235,"column":4},"end":{"line":235,"column":16}},"81":{"start":{"line":241,"column":4},"end":{"line":241,"column":32}},"82":{"start":{"line":243,"column":4},"end":{"line":247,"column":5}},"83":{"start":{"line":244,"column":6},"end":{"line":244,"column":21}},"84":{"start":{"line":245,"column":11},"end":{"line":247,"column":5}},"85":{"start":{"line":246,"column":6},"end":{"line":246,"column":20}},"86":{"start":{"line":255,"column":4},"end":{"line":255,"column":28}},"87":{"start":{"line":256,"column":4},"end":{"line":256,"column":16}},"88":{"start":{"line":263,"column":4},"end":{"line":263,"column":30}},"89":{"start":{"line":271,"column":4},"end":{"line":271,"column":17}},"90":{"start":{"line":273,"column":4},"end":{"line":275,"column":5}},"91":{"start":{"line":274,"column":6},"end":{"line":274,"column":34}},"92":{"start":{"line":277,"column":4},"end":{"line":277,"column":20}},"93":{"start":{"line":278,"column":4},"end":{"line":278,"column":16}},"94":{"start":{"line":290,"column":0},"end":{"line":290,"column":45}}},"branchMap":{"1":{"line":10,"type":"binary-expr","locations":[{"start":{"line":10,"column":17},"end":{"line":10,"column":24}},{"start":{"line":10,"column":28},"end":{"line":10,"column":30}}]},"2":{"line":14,"type":"cond-expr","locations":[{"start":{"line":14,"column":44},"end":{"line":14,"column":54}},{"start":{"line":14,"column":57},"end":{"line":14,"column":64}}]},"3":{"line":16,"type":"if","locations":[{"start":{"line":16,"column":2},"end":{"line":16,"column":2}},{"start":{"line":16,"column":2},"end":{"line":16,"column":2}}]},"4":{"line":25,"type":"if","locations":[{"start":{"line":25,"column":2},"end":{"line":25,"column":2}},{"start":{"line":25,"column":2},"end":{"line":25,"column":2}}]},"5":{"line":52,"type":"if","locations":[{"start":{"line":52,"column":4},"end":{"line":52,"column":4}},{"start":{"line":52,"column":4},"end":{"line":52,"column":4}}]},"6":{"line":56,"type":"if","locations":[{"start":{"line":56,"column":4},"end":{"line":56,"column":4}},{"start":{"line":56,"column":4},"end":{"line":56,"column":4}}]},"7":{"line":56,"type":"binary-expr","locations":[{"start":{"line":56,"column":8},"end":{"line":56,"column":29}},{"start":{"line":56,"column":33},"end":{"line":56,"column":48}},{"start":{"line":56,"column":52},"end":{"line":56,"column":76}}]},"8":{"line":60,"type":"if","locations":[{"start":{"line":60,"column":4},"end":{"line":60,"column":4}},{"start":{"line":60,"column":4},"end":{"line":60,"column":4}}]},"9":{"line":80,"type":"binary-expr","locations":[{"start":{"line":80,"column":22},"end":{"line":80,"column":46}},{"start":{"line":80,"column":50},"end":{"line":80,"column":68}}]},"10":{"line":83,"type":"if","locations":[{"start":{"line":83,"column":4},"end":{"line":83,"column":4}},{"start":{"line":83,"column":4},"end":{"line":83,"column":4}}]},"11":{"line":83,"type":"binary-expr","locations":[{"start":{"line":83,"column":8},"end":{"line":83,"column":29}},{"start":{"line":83,"column":33},"end":{"line":83,"column":44}}]},"12":{"line":95,"type":"if","locations":[{"start":{"line":95,"column":4},"end":{"line":95,"column":4}},{"start":{"line":95,"column":4},"end":{"line":95,"column":4}}]},"13":{"line":97,"type":"if","locations":[{"start":{"line":97,"column":8},"end":{"line":97,"column":8}},{"start":{"line":97,"column":8},"end":{"line":97,"column":8}}]},"14":{"line":101,"type":"if","locations":[{"start":{"line":101,"column":8},"end":{"line":101,"column":8}},{"start":{"line":101,"column":8},"end":{"line":101,"column":8}}]},"15":{"line":136,"type":"binary-expr","locations":[{"start":{"line":136,"column":22},"end":{"line":136,"column":29}},{"start":{"line":136,"column":33},"end":{"line":136,"column":35}}]},"16":{"line":145,"type":"binary-expr","locations":[{"start":{"line":145,"column":29},"end":{"line":145,"column":44}},{"start":{"line":145,"column":48},"end":{"line":145,"column":63}}]},"17":{"line":148,"type":"binary-expr","locations":[{"start":{"line":148,"column":26},"end":{"line":148,"column":41}},{"start":{"line":148,"column":45},"end":{"line":148,"column":54}}]},"18":{"line":150,"type":"if","locations":[{"start":{"line":150,"column":4},"end":{"line":150,"column":4}},{"start":{"line":150,"column":4},"end":{"line":150,"column":4}}]},"19":{"line":154,"type":"if","locations":[{"start":{"line":154,"column":4},"end":{"line":154,"column":4}},{"start":{"line":154,"column":4},"end":{"line":154,"column":4}}]},"20":{"line":158,"type":"if","locations":[{"start":{"line":158,"column":4},"end":{"line":158,"column":4}},{"start":{"line":158,"column":4},"end":{"line":158,"column":4}}]},"21":{"line":168,"type":"if","locations":[{"start":{"line":168,"column":6},"end":{"line":168,"column":6}},{"start":{"line":168,"column":6},"end":{"line":168,"column":6}}]},"22":{"line":175,"type":"if","locations":[{"start":{"line":175,"column":6},"end":{"line":175,"column":6}},{"start":{"line":175,"column":6},"end":{"line":175,"column":6}}]},"23":{"line":182,"type":"if","locations":[{"start":{"line":182,"column":6},"end":{"line":182,"column":6}},{"start":{"line":182,"column":6},"end":{"line":182,"column":6}}]},"24":{"line":196,"type":"if","locations":[{"start":{"line":196,"column":4},"end":{"line":196,"column":4}},{"start":{"line":196,"column":4},"end":{"line":196,"column":4}}]},"25":{"line":201,"type":"if","locations":[{"start":{"line":201,"column":4},"end":{"line":201,"column":4}},{"start":{"line":201,"column":4},"end":{"line":201,"column":4}}]},"26":{"line":201,"type":"binary-expr","locations":[{"start":{"line":201,"column":8},"end":{"line":201,"column":17}},{"start":{"line":201,"column":21},"end":{"line":201,"column":42}}]},"27":{"line":227,"type":"if","locations":[{"start":{"line":227,"column":4},"end":{"line":227,"column":4}},{"start":{"line":227,"column":4},"end":{"line":227,"column":4}}]},"28":{"line":243,"type":"if","locations":[{"start":{"line":243,"column":4},"end":{"line":243,"column":4}},{"start":{"line":243,"column":4},"end":{"line":243,"column":4}}]},"29":{"line":243,"type":"binary-expr","locations":[{"start":{"line":243,"column":8},"end":{"line":243,"column":20}},{"start":{"line":243,"column":24},"end":{"line":243,"column":41}}]},"30":{"line":245,"type":"if","locations":[{"start":{"line":245,"column":11},"end":{"line":245,"column":11}},{"start":{"line":245,"column":11},"end":{"line":245,"column":11}}]},"31":{"line":273,"type":"if","locations":[{"start":{"line":273,"column":4},"end":{"line":273,"column":4}},{"start":{"line":273,"column":4},"end":{"line":273,"column":4}}]}}},"src/marionette.regionManager.js":{"path":"src/marionette.regionManager.js","s":{"1":1,"2":1,"3":277,"4":277,"5":288,"6":16,"7":288,"8":288,"9":236,"10":156,"11":236,"12":207,"13":236,"14":236,"15":288,"16":280,"17":280,"18":11,"19":269,"20":279,"21":279,"22":279,"23":279,"24":47,"25":48,"26":18,"27":18,"28":18,"29":18,"30":18,"31":27,"32":18,"33":17,"34":17,"35":25,"36":17,"37":13,"38":13,"39":279,"40":279,"41":45,"42":45,"43":45,"44":45,"45":45,"46":45,"47":324,"48":1,"49":1},"b":{"1":[16,272],"2":[156,80],"3":[207,29],"4":[11,269]},"f":{"1":1,"2":277,"3":288,"4":236,"5":280,"6":47,"7":48,"8":18,"9":18,"10":27,"11":17,"12":25,"13":13,"14":279,"15":45,"16":324},"fnMap":{"1":{"name":"(anonymous_1)","line":5,"loc":{"start":{"line":5,"column":28},"end":{"line":5,"column":49}}},"2":{"name":"(anonymous_2)","line":8,"loc":{"start":{"line":8,"column":17},"end":{"line":8,"column":35}}},"3":{"name":"(anonymous_3)","line":17,"loc":{"start":{"line":17,"column":16},"end":{"line":17,"column":54}}},"4":{"name":"(anonymous_4)","line":24,"loc":{"start":{"line":24,"column":32},"end":{"line":24,"column":59}}},"5":{"name":"(anonymous_5)","line":42,"loc":{"start":{"line":42,"column":15},"end":{"line":42,"column":42}}},"6":{"name":"(anonymous_6)","line":60,"loc":{"start":{"line":60,"column":9},"end":{"line":60,"column":24}}},"7":{"name":"(anonymous_7)","line":66,"loc":{"start":{"line":66,"column":16},"end":{"line":66,"column":26}}},"8":{"name":"(anonymous_8)","line":71,"loc":{"start":{"line":71,"column":18},"end":{"line":71,"column":33}}},"9":{"name":"(anonymous_9)","line":80,"loc":{"start":{"line":80,"column":19},"end":{"line":80,"column":30}}},"10":{"name":"(anonymous_10)","line":82,"loc":{"start":{"line":82,"column":28},"end":{"line":82,"column":51}}},"11":{"name":"(anonymous_11)","line":91,"loc":{"start":{"line":91,"column":18},"end":{"line":91,"column":29}}},"12":{"name":"(anonymous_12)","line":93,"loc":{"start":{"line":93,"column":22},"end":{"line":93,"column":39}}},"13":{"name":"(anonymous_13)","line":102,"loc":{"start":{"line":102,"column":13},"end":{"line":102,"column":24}}},"14":{"name":"(anonymous_14)","line":108,"loc":{"start":{"line":108,"column":12},"end":{"line":108,"column":35}}},"15":{"name":"(anonymous_15)","line":114,"loc":{"start":{"line":114,"column":13},"end":{"line":114,"column":36}}},"16":{"name":"(anonymous_16)","line":124,"loc":{"start":{"line":124,"column":16},"end":{"line":124,"column":27}}}},"statementMap":{"1":{"start":{"line":5,"column":0},"end":{"line":133,"column":15}},"2":{"start":{"line":7,"column":2},"end":{"line":128,"column":5}},"3":{"start":{"line":9,"column":6},"end":{"line":9,"column":25}},"4":{"start":{"line":10,"column":6},"end":{"line":10,"column":48}},"5":{"start":{"line":18,"column":6},"end":{"line":20,"column":7}},"6":{"start":{"line":19,"column":8},"end":{"line":19,"column":69}},"7":{"start":{"line":22,"column":6},"end":{"line":22,"column":23}},"8":{"start":{"line":24,"column":6},"end":{"line":35,"column":15}},"9":{"start":{"line":25,"column":8},"end":{"line":27,"column":9}},"10":{"start":{"line":26,"column":10},"end":{"line":26,"column":46}},"11":{"start":{"line":29,"column":8},"end":{"line":31,"column":9}},"12":{"start":{"line":30,"column":10},"end":{"line":30,"column":60}},"13":{"start":{"line":33,"column":8},"end":{"line":33,"column":54}},"14":{"start":{"line":34,"column":8},"end":{"line":34,"column":31}},"15":{"start":{"line":37,"column":6},"end":{"line":37,"column":21}},"16":{"start":{"line":43,"column":6},"end":{"line":43,"column":17}},"17":{"start":{"line":45,"column":6},"end":{"line":49,"column":7}},"18":{"start":{"line":46,"column":8},"end":{"line":46,"column":28}},"19":{"start":{"line":48,"column":8},"end":{"line":48,"column":78}},"20":{"start":{"line":51,"column":6},"end":{"line":51,"column":60}},"21":{"start":{"line":53,"column":6},"end":{"line":53,"column":32}},"22":{"start":{"line":55,"column":6},"end":{"line":55,"column":53}},"23":{"start":{"line":56,"column":6},"end":{"line":56,"column":20}},"24":{"start":{"line":61,"column":6},"end":{"line":61,"column":33}},"25":{"start":{"line":67,"column":6},"end":{"line":67,"column":36}},"26":{"start":{"line":72,"column":6},"end":{"line":72,"column":39}},"27":{"start":{"line":73,"column":6},"end":{"line":73,"column":33}},"28":{"start":{"line":75,"column":6},"end":{"line":75,"column":20}},"29":{"start":{"line":81,"column":6},"end":{"line":81,"column":38}},"30":{"start":{"line":82,"column":6},"end":{"line":84,"column":15}},"31":{"start":{"line":83,"column":8},"end":{"line":83,"column":35}},"32":{"start":{"line":86,"column":6},"end":{"line":86,"column":21}},"33":{"start":{"line":92,"column":6},"end":{"line":92,"column":38}},"34":{"start":{"line":93,"column":6},"end":{"line":95,"column":15}},"35":{"start":{"line":94,"column":8},"end":{"line":94,"column":23}},"36":{"start":{"line":97,"column":6},"end":{"line":97,"column":21}},"37":{"start":{"line":103,"column":6},"end":{"line":103,"column":27}},"38":{"start":{"line":104,"column":6},"end":{"line":104,"column":76}},"39":{"start":{"line":109,"column":6},"end":{"line":109,"column":35}},"40":{"start":{"line":110,"column":6},"end":{"line":110,"column":24}},"41":{"start":{"line":115,"column":6},"end":{"line":115,"column":63}},"42":{"start":{"line":116,"column":6},"end":{"line":116,"column":21}},"43":{"start":{"line":117,"column":6},"end":{"line":117,"column":29}},"44":{"start":{"line":118,"column":6},"end":{"line":118,"column":33}},"45":{"start":{"line":119,"column":6},"end":{"line":119,"column":24}},"46":{"start":{"line":120,"column":6},"end":{"line":120,"column":56}},"47":{"start":{"line":125,"column":6},"end":{"line":125,"column":42}},"48":{"start":{"line":130,"column":2},"end":{"line":130,"column":66}},"49":{"start":{"line":132,"column":2},"end":{"line":132,"column":23}}},"branchMap":{"1":{"line":18,"type":"if","locations":[{"start":{"line":18,"column":6},"end":{"line":18,"column":6}},{"start":{"line":18,"column":6},"end":{"line":18,"column":6}}]},"2":{"line":25,"type":"if","locations":[{"start":{"line":25,"column":8},"end":{"line":25,"column":8}},{"start":{"line":25,"column":8},"end":{"line":25,"column":8}}]},"3":{"line":29,"type":"if","locations":[{"start":{"line":29,"column":8},"end":{"line":29,"column":8}},{"start":{"line":29,"column":8},"end":{"line":29,"column":8}}]},"4":{"line":45,"type":"if","locations":[{"start":{"line":45,"column":6},"end":{"line":45,"column":6}},{"start":{"line":45,"column":6},"end":{"line":45,"column":6}}]}}},"src/marionette.error.js":{"path":"src/marionette.error.js","s":{"1":1,"2":1,"3":47,"4":30,"5":30,"6":17,"7":13,"8":47,"9":47,"10":47,"11":47,"12":12,"13":47,"14":47,"15":13,"16":1},"b":{"1":[30,17],"2":[13,4],"3":[12,35],"4":[47,0],"5":[10,3]},"f":{"1":47,"2":47,"3":13},"fnMap":{"1":{"name":"(anonymous_1)","line":6,"loc":{"start":{"line":6,"column":15},"end":{"line":6,"column":42}}},"2":{"name":"(anonymous_2)","line":24,"loc":{"start":{"line":24,"column":21},"end":{"line":24,"column":32}}},"3":{"name":"(anonymous_3)","line":30,"loc":{"start":{"line":30,"column":12},"end":{"line":30,"column":23}}}},"statementMap":{"1":{"start":{"line":1,"column":0},"end":{"line":1,"column":88}},"2":{"start":{"line":3,"column":0},"end":{"line":33,"column":3}},"3":{"start":{"line":7,"column":4},"end":{"line":12,"column":5}},"4":{"start":{"line":8,"column":6},"end":{"line":8,"column":24}},"5":{"start":{"line":9,"column":6},"end":{"line":9,"column":32}},"6":{"start":{"line":10,"column":11},"end":{"line":12,"column":5}},"7":{"start":{"line":11,"column":6},"end":{"line":11,"column":19}},"8":{"start":{"line":14,"column":4},"end":{"line":14,"column":42}},"9":{"start":{"line":15,"column":4},"end":{"line":15,"column":75}},"10":{"start":{"line":17,"column":4},"end":{"line":17,"column":29}},"11":{"start":{"line":19,"column":4},"end":{"line":21,"column":5}},"12":{"start":{"line":20,"column":6},"end":{"line":20,"column":44}},"13":{"start":{"line":25,"column":4},"end":{"line":27,"column":5}},"14":{"start":{"line":26,"column":6},"end":{"line":26,"column":54}},"15":{"start":{"line":31,"column":4},"end":{"line":31,"column":83}},"16":{"start":{"line":35,"column":0},"end":{"line":35,"column":44}}},"branchMap":{"1":{"line":7,"type":"if","locations":[{"start":{"line":7,"column":4},"end":{"line":7,"column":4}},{"start":{"line":7,"column":4},"end":{"line":7,"column":4}}]},"2":{"line":10,"type":"if","locations":[{"start":{"line":10,"column":11},"end":{"line":10,"column":11}},{"start":{"line":10,"column":11},"end":{"line":10,"column":11}}]},"3":{"line":19,"type":"if","locations":[{"start":{"line":19,"column":4},"end":{"line":19,"column":4}},{"start":{"line":19,"column":4},"end":{"line":19,"column":4}}]},"4":{"line":25,"type":"if","locations":[{"start":{"line":25,"column":4},"end":{"line":25,"column":4}},{"start":{"line":25,"column":4},"end":{"line":25,"column":4}}]},"5":{"line":31,"type":"cond-expr","locations":[{"start":{"line":31,"column":57},"end":{"line":31,"column":76}},{"start":{"line":31,"column":79},"end":{"line":31,"column":81}}]}}}}