TN:
SF:src/marionette.bindEntityEvents.js
FN:19,(anonymous_1)
FN:24,bindFromStrings
FN:27,(anonymous_3)
FN:40,bindToFunction
FN:46,unbindFromStrings
FN:49,(anonymous_6)
FN:56,unbindToFunction
FN:62,iterateEvents
FN:79,(anonymous_9)
FN:93,(anonymous_10)
FN:97,(anonymous_11)
FN:102,(anonymous_12)
FN:107,(anonymous_13)
FNF:13
FNH:13
FNDA:1,(anonymous_1)
FNDA:47,bindFromStrings
FNDA:53,(anonymous_3)
FNDA:37,bindToFunction
FNDA:55,unbindFromStrings
FNDA:61,(anonymous_6)
FNDA:39,unbindToFunction
FNDA:4657,iterateEvents
FNDA:178,(anonymous_9)
FNDA:2311,(anonymous_10)
FNDA:2346,(anonymous_11)
FNDA:2295,(anonymous_12)
FNDA:2335,(anonymous_13)
DA:19,1
DA:24,1
DA:25,47
DA:27,47
DA:29,53
DA:30,53
DA:31,2
DA:35,51
DA:40,1
DA:41,37
DA:46,1
DA:47,55
DA:49,55
DA:50,61
DA:51,61
DA:56,1
DA:57,39
DA:62,1
DA:63,4657
DA:66,168
DA:67,1
DA:74,167
DA:75,14
DA:79,167
DA:83,178
DA:84,76
DA:86,102
DA:93,1
DA:94,2311
DA:97,1
DA:98,2346
DA:102,1
DA:103,2295
DA:107,1
DA:108,2335
LF:35
LH:35
BRDA:30,1,0,2
BRDA:30,1,1,51
BRDA:63,2,0,4489
BRDA:63,2,1,168
BRDA:63,3,0,4657
BRDA:63,3,1,1962
BRDA:66,4,0,1
BRDA:66,4,1,167
BRDA:66,5,0,168
BRDA:66,5,1,154
BRDA:74,6,0,14
BRDA:74,6,1,153
BRDA:83,7,0,76
BRDA:83,7,1,102
BRF:14
BRH:14
end_of_record
TN:
SF:src/marionette.callbacks.js
FN:7,(anonymous_1)
FN:17,(anonymous_2)
FN:22,(anonymous_3)
FN:31,(anonymous_4)
FN:40,(anonymous_5)
FN:45,(anonymous_6)
FNF:6
FNH:6
FNDA:377,(anonymous_1)
FNDA:180,(anonymous_2)
FNDA:71,(anonymous_3)
FNDA:107,(anonymous_4)
FNDA:62,(anonymous_5)
FNDA:32,(anonymous_6)
DA:7,1
DA:8,377
DA:9,377
DA:12,1
DA:18,180
DA:20,180
DA:22,180
DA:23,71
DA:24,71
DA:32,107
DA:41,62
DA:42,62
DA:43,62
DA:45,62
DA:46,32
LF:15
LH:15
BRDA:23,1,0,1
BRDA:23,1,1,70
BRF:2
BRH:2
end_of_record
TN:
SF:src/marionette.triggermethod.js
FN:8,(anonymous_1)
FN:15,getEventName
FN:42,(anonymous_3)
FNF:3
FNH:3
FNDA:7511,(anonymous_1)
FNDA:15575,getEventName
FNDA:343,(anonymous_3)
DA:8,1
DA:11,7511
DA:15,1
DA:16,15575
DA:20,7511
DA:21,7511
DA:22,7511
DA:25,7511
DA:27,888
DA:31,7511
DA:32,7511
DA:35,7511
DA:42,1
DA:43,343
DA:44,343
DA:46,343
DA:47,84
DA:49,259
DA:52,343
LF:19
LH:19
BRDA:25,1,0,888
BRDA:25,1,1,6623
BRDA:31,2,0,7511
BRDA:31,2,1,0
BRDA:46,3,0,84
BRDA:46,3,1,259
BRF:6
BRH:5
end_of_record
TN:
SF:src/marionette.helpers.js
FN:20,(anonymous_1)
FN:34,(anonymous_2)
FN:43,(anonymous_3)
FN:45,(anonymous_4)
FN:59,(anonymous_5)
FN:60,(anonymous_6)
FN:69,(anonymous_7)
FN:76,(anonymous_8)
FN:90,(anonymous_9)
FN:95,(anonymous_10)
FN:108,(anonymous_11)
FN:114,(anonymous_12)
FN:115,(anonymous_13)
FNF:13
FNH:13
FNDA:8368,(anonymous_1)
FNDA:8119,(anonymous_2)
FNDA:1159,(anonymous_3)
FNDA:51,(anonymous_4)
FNDA:202,(anonymous_5)
FNDA:114,(anonymous_6)
FNDA:1246,(anonymous_7)
FNDA:134,(anonymous_8)
FNDA:65,(anonymous_9)
FNDA:85,(anonymous_10)
FNDA:3,(anonymous_11)
FNDA:69,(anonymous_12)
FNDA:15,(anonymous_13)
DA:7,1
DA:13,1
DA:20,1
DA:21,8368
DA:22,8226
DA:24,8226
DA:25,684
DA:27,7542
DA:30,8226
DA:34,1
DA:35,8119
DA:43,1
DA:44,1159
DA:45,1159
DA:46,51
DA:47,13
DA:49,51
DA:50,3
DA:52,48
DA:54,1159
DA:59,1
DA:60,202
DA:61,114
DA:69,1
DA:70,1246
DA:71,1032
DA:74,214
DA:76,214
DA:77,134
DA:78,134
DA:79,98
DA:80,98
DA:84,214
DA:90,1
DA:91,65
DA:92,0
DA:95,65
DA:96,85
DA:97,66
DA:101,65
DA:108,1
DA:109,3
DA:114,3
DA:115,69
DA:116,15
DA:117,15
DA:118,15
LF:47
LH:46
BRDA:21,1,0,142
BRDA:21,1,1,8226
BRDA:21,2,0,8368
BRDA:21,2,1,8226
BRDA:24,3,0,684
BRDA:24,3,1,7542
BRDA:24,4,0,8226
BRDA:24,4,1,8075
BRDA:46,5,0,13
BRDA:46,5,1,38
BRDA:49,6,0,3
BRDA:49,6,1,48
BRDA:70,7,0,1032
BRDA:70,7,1,214
BRDA:78,8,0,98
BRDA:78,8,1,36
BRDA:91,9,0,0
BRDA:91,9,1,65
BRDA:96,10,0,66
BRDA:96,10,1,19
BRF:20
BRH:19
end_of_record
TN:
SF:src/marionette.domRefresh.js
FN:8,(anonymous_1)
FN:11,handleShow
FN:17,handleRender
FN:23,triggerDOMRefresh
FN:31,isInDOM
FN:36,(anonymous_6)
FN:37,(anonymous_7)
FN:41,(anonymous_8)
FNF:8
FNH:8
FNDA:1,(anonymous_1)
FNDA:67,handleShow
FNDA:857,handleRender
FNDA:924,triggerDOMRefresh
FNDA:61,isInDOM
FNDA:1057,(anonymous_6)
FNDA:67,(anonymous_7)
FNDA:857,(anonymous_8)
DA:8,1
DA:11,1
DA:12,67
DA:13,67
DA:17,1
DA:18,857
DA:19,857
DA:23,1
DA:24,924
DA:25,28
DA:26,28
DA:31,1
DA:32,61
DA:36,1
DA:37,1057
DA:38,67
DA:41,1057
DA:42,857
LF:18
LH:18
BRDA:24,1,0,28
BRDA:24,1,1,896
BRDA:24,2,0,924
BRDA:24,2,1,73
BRDA:24,2,2,61
BRDA:25,3,0,28
BRDA:25,3,1,0
BRF:7
BRH:6
end_of_record
TN:
SF:src/marionette.object.js
FN:6,(anonymous_1)
FN:20,(anonymous_2)
FN:22,(anonymous_3)
FNF:3
FNH:3
FNDA:4,(anonymous_1)
FNDA:1,(anonymous_2)
FNDA:1,(anonymous_3)
DA:6,1
DA:7,4
DA:9,4
DA:12,1
DA:17,1
DA:23,1
DA:24,1
DA:25,1
DA:43,1
LF:9
LH:9
BRF:0
BRH:0
end_of_record
TN:
SF:src/marionette.controller.js
FN:7,(anonymous_1)
FN:22,(anonymous_2)
FNF:2
FNH:2
FNDA:291,(anonymous_1)
FNDA:21,(anonymous_2)
DA:7,1
DA:8,291
DA:10,291
DA:11,14
DA:15,1
DA:21,1
DA:23,21
DA:24,21
DA:25,21
DA:27,21
DA:28,21
DA:29,21
LF:12
LH:12
BRDA:8,1,0,291
BRDA:8,1,1,287
BRDA:10,2,0,14
BRDA:10,2,1,277
BRF:4
BRH:4
end_of_record
TN:
SF:src/marionette.approuter.js
FN:21,(anonymous_1)
FN:34,(anonymous_2)
FN:41,(anonymous_3)
FN:54,(anonymous_4)
FN:59,(anonymous_5)
FN:64,(anonymous_6)
FN:68,(anonymous_7)
FNF:7
FNH:7
FNDA:14,(anonymous_1)
FNDA:1,(anonymous_2)
FNDA:14,(anonymous_3)
FNDA:14,(anonymous_4)
FNDA:15,(anonymous_5)
FNDA:15,(anonymous_6)
FNDA:16,(anonymous_7)
DA:19,1
DA:22,14
DA:24,14
DA:26,14
DA:27,14
DA:28,14
DA:29,13
DA:35,1
DA:36,1
DA:43,14
DA:46,14
DA:47,4
DA:55,14
DA:57,12
DA:59,12
DA:60,15
DA:65,15
DA:69,16
DA:71,16
DA:72,1
DA:75,15
LF:21
LH:21
BRDA:24,1,0,14
BRDA:24,1,1,2
BRDA:46,2,0,4
BRDA:46,2,1,10
BRDA:55,3,0,2
BRDA:55,3,1,12
BRDA:71,4,0,1
BRDA:71,4,1,15
BRF:8
BRH:8
end_of_record
TN:
SF:src/marionette.application.js
FN:7,(anonymous_1)
FN:20,(anonymous_2)
FN:23,(anonymous_3)
FN:28,(anonymous_4)
FN:35,(anonymous_5)
FN:42,(anonymous_6)
FN:52,(anonymous_7)
FN:57,(anonymous_8)
FN:64,(anonymous_9)
FN:71,(anonymous_10)
FN:76,(anonymous_11)
FN:81,(anonymous_12)
FN:98,(anonymous_13)
FN:104,(anonymous_14)
FN:126,(anonymous_15)
FN:129,(anonymous_16)
FN:133,(anonymous_17)
FN:138,(anonymous_18)
FN:142,(anonymous_19)
FN:149,(anonymous_20)
FNF:20
FNH:20
FNDA:165,(anonymous_1)
FNDA:159,(anonymous_2)
FNDA:1,(anonymous_3)
FNDA:1,(anonymous_4)
FNDA:69,(anonymous_5)
FNDA:21,(anonymous_6)
FNDA:196,(anonymous_7)
FNDA:2,(anonymous_8)
FNDA:6,(anonymous_9)
FNDA:10,(anonymous_10)
FNDA:3,(anonymous_11)
FNDA:105,(anonymous_12)
FNDA:164,(anonymous_13)
FNDA:165,(anonymous_14)
FNDA:165,(anonymous_15)
FNDA:107,(anonymous_16)
FNDA:107,(anonymous_17)
FNDA:6,(anonymous_18)
FNDA:6,(anonymous_19)
FNDA:165,(anonymous_20)
DA:7,1
DA:8,165
DA:9,165
DA:10,165
DA:11,165
DA:12,165
DA:13,165
DA:14,165
DA:17,1
DA:24,1
DA:29,1
DA:36,69
DA:43,21
DA:44,21
DA:45,21
DA:53,196
DA:58,2
DA:65,6
DA:72,10
DA:77,3
DA:84,105
DA:88,105
DA:89,105
DA:92,105
DA:99,164
DA:105,165
DA:107,165
DA:110,165
DA:113,165
DA:114,8
DA:118,165
DA:120,165
DA:122,165
DA:127,165
DA:129,165
DA:130,107
DA:133,165
DA:134,107
DA:135,107
DA:138,165
DA:139,6
DA:142,165
DA:143,6
DA:144,6
DA:150,165
DA:151,165
DA:152,165
DA:153,165
DA:154,165
DA:166,1
LF:50
LH:50
BRDA:105,1,0,4
BRDA:105,1,1,161
BRDA:105,2,0,161
BRDA:105,2,1,153
BRDA:113,3,0,8
BRDA:113,3,1,157
BRDA:150,4,0,165
BRDA:150,4,1,160
BRDA:151,5,0,165
BRDA:151,5,1,165
BRDA:152,6,0,165
BRDA:152,6,1,165
BRDA:153,7,0,165
BRDA:153,7,1,165
BRDA:154,8,0,165
BRDA:154,8,1,165
BRF:16
BRH:16
end_of_record
TN:
SF:src/marionette.module.js
FN:8,(anonymous_1)
FN:40,(anonymous_2)
FN:44,(anonymous_3)
FN:51,(anonymous_4)
FN:56,(anonymous_5)
FN:61,(anonymous_6)
FN:79,(anonymous_7)
FN:88,(anonymous_8)
FN:102,(anonymous_9)
FN:108,(anonymous_10)
FN:128,(anonymous_11)
FN:142,(anonymous_12)
FN:161,(anonymous_13)
FN:171,(anonymous_14)
FN:195,(anonymous_15)
FN:214,(anonymous_16)
FN:225,(anonymous_17)
FN:241,(anonymous_18)
FN:253,(anonymous_19)
FN:262,(anonymous_20)
FNF:20
FNH:20
FNDA:101,(anonymous_1)
FNDA:86,(anonymous_2)
FNDA:39,(anonymous_3)
FNDA:24,(anonymous_4)
FNDA:65,(anonymous_5)
FNDA:20,(anonymous_6)
FNDA:36,(anonymous_7)
FNDA:16,(anonymous_8)
FNDA:41,(anonymous_9)
FNDA:41,(anonymous_10)
FNDA:101,(anonymous_11)
FNDA:105,(anonymous_12)
FNDA:136,(anonymous_13)
FNDA:136,(anonymous_14)
FNDA:241,(anonymous_15)
FNDA:136,(anonymous_16)
FNDA:136,(anonymous_17)
FNDA:136,(anonymous_18)
FNDA:136,(anonymous_19)
FNDA:22,(anonymous_20)
DA:8,1
DA:9,101
DA:10,101
DA:13,101
DA:16,101
DA:18,101
DA:22,101
DA:24,101
DA:25,101
DA:29,1
DA:33,1
DA:45,39
DA:52,24
DA:58,65
DA:61,44
DA:63,20
DA:64,18
DA:69,44
DA:71,44
DA:72,44
DA:74,44
DA:81,36
DA:82,30
DA:84,30
DA:88,30
DA:91,30
DA:94,30
DA:95,30
DA:97,30
DA:103,41
DA:110,41
DA:113,41
DA:122,41
DA:129,101
DA:130,101
DA:139,1
DA:143,105
DA:147,105
DA:148,105
DA:153,105
DA:154,105
DA:157,105
DA:158,105
DA:161,105
DA:162,136
DA:163,136
DA:164,136
DA:168,105
DA:172,136
DA:173,136
DA:176,136
DA:178,136
DA:180,101
DA:181,101
DA:183,101
DA:186,136
DA:196,241
DA:198,241
DA:199,126
DA:204,115
DA:205,12
DA:208,103
DA:215,136
DA:216,136
DA:218,136
DA:219,41
DA:222,136
DA:226,136
DA:228,136
DA:229,6
DA:230,6
DA:233,130
DA:234,47
DA:235,47
DA:238,83
DA:242,136
DA:243,25
DA:246,111
DA:247,28
DA:250,83
DA:254,136
DA:256,136
DA:257,45
DA:260,91
DA:262,91
DA:263,22
DA:264,22
LF:87
LH:87
BRDA:13,1,0,101
BRDA:13,1,1,100
BRDA:24,2,0,101
BRDA:24,2,1,0
BRDA:58,3,0,21
BRDA:58,3,1,44
BRDA:63,4,0,18
BRDA:63,4,1,2
BRDA:81,5,0,6
BRDA:81,5,1,30
BRDA:110,6,0,0
BRDA:110,6,1,41
BRDA:178,7,0,101
BRDA:178,7,1,35
BRDA:198,8,0,126
BRDA:198,8,1,115
BRDA:204,9,0,12
BRDA:204,9,1,103
BRDA:208,10,0,103
BRDA:208,10,1,85
BRDA:218,11,0,41
BRDA:218,11,1,95
BRDA:228,12,0,6
BRDA:228,12,1,130
BRDA:228,13,0,136
BRDA:228,13,1,31
BRDA:230,14,0,0
BRDA:230,14,1,6
BRDA:233,15,0,47
BRDA:233,15,1,83
BRDA:235,16,0,38
BRDA:235,16,1,9
BRDA:242,17,0,25
BRDA:242,17,1,111
BRDA:242,18,0,136
BRDA:242,18,1,31
BRDA:246,19,0,28
BRDA:246,19,1,83
BRDA:254,20,0,136
BRDA:254,20,1,129
BRDA:256,21,0,45
BRDA:256,21,1,91
BRDA:256,22,0,136
BRDA:256,22,1,120
BRDA:263,23,0,22
BRDA:263,23,1,0
BRF:46
BRH:42
end_of_record
TN:
SF:src/marionette.renderer.js
FN:12,(anonymous_1)
FNF:1
FNH:1
FNDA:543,(anonymous_1)
DA:6,1
DA:13,543
DA:14,2
DA:20,541
DA:21,541
DA:22,535
DA:24,6
DA:27,541
LF:8
LH:8
BRDA:13,1,0,2
BRDA:13,1,1,541
BRDA:21,2,0,535
BRDA:21,2,1,6
BRF:4
BRH:4
end_of_record
TN:
SF:src/marionette.templatecache.js
FN:6,(anonymous_1)
FN:19,(anonymous_2)
FN:37,(anonymous_3)
FN:58,(anonymous_4)
FN:76,(anonymous_5)
FN:93,(anonymous_6)
FNF:6
FNH:6
FNDA:19,(anonymous_1)
FNDA:23,(anonymous_2)
FNDA:13,(anonymous_3)
FNDA:23,(anonymous_4)
FNDA:19,(anonymous_5)
FNDA:18,(anonymous_6)
DA:6,1
DA:7,19
DA:13,1
DA:20,23
DA:22,23
DA:23,19
DA:24,19
DA:27,23
DA:38,13
DA:39,13
DA:40,13
DA:42,13
DA:43,4
DA:44,6
DA:47,9
DA:55,1
DA:60,23
DA:61,4
DA:65,19
DA:66,18
DA:68,18
DA:77,19
DA:79,19
DA:80,1
DA:86,18
DA:94,18
LF:26
LH:26
BRDA:22,1,0,19
BRDA:22,1,1,4
BRDA:42,2,0,4
BRDA:42,2,1,9
BRDA:60,3,0,4
BRDA:60,3,1,19
BRDA:79,4,0,1
BRDA:79,4,1,18
BRDA:79,5,0,19
BRDA:79,5,1,18
BRF:10
BRH:10
end_of_record
TN:
SF:src/marionette.view.js
FN:8,(anonymous_1)
FN:29,(anonymous_2)
FN:35,(anonymous_3)
FN:44,(anonymous_4)
FN:55,(anonymous_5)
FN:63,(anonymous_6)
FN:71,(anonymous_7)
FN:81,(anonymous_8)
FN:90,(anonymous_9)
FN:95,(anonymous_10)
FN:104,(anonymous_11)
FN:127,(anonymous_12)
FN:134,(anonymous_13)
FN:143,(anonymous_14)
FN:146,(anonymous_15)
FN:159,(anonymous_16)
FN:187,(anonymous_17)
FN:194,(anonymous_18)
FN:210,(anonymous_19)
FN:217,(anonymous_20)
FN:222,(anonymous_21)
FN:226,(anonymous_22)
FN:237,(anonymous_23)
FN:247,(anonymous_24)
FN:268,(anonymous_25)
FN:281,(anonymous_26)
FN:286,(anonymous_27)
FNF:27
FNH:27
FNDA:1058,(anonymous_1)
FNDA:548,(anonymous_2)
FNDA:410,(anonymous_3)
FNDA:538,(anonymous_4)
FNDA:1085,(anonymous_5)
FNDA:63,(anonymous_6)
FNDA:1067,(anonymous_7)
FNDA:18,(anonymous_8)
FNDA:1067,(anonymous_9)
FNDA:79,(anonymous_10)
FNDA:1067,(anonymous_11)
FNDA:1080,(anonymous_12)
FNDA:87,(anonymous_13)
FNDA:52,(anonymous_14)
FNDA:798,(anonymous_15)
FNDA:221,(anonymous_16)
FNDA:546,(anonymous_17)
FNDA:569,(anonymous_18)
FNDA:112,(anonymous_19)
FNDA:216,(anonymous_20)
FNDA:225,(anonymous_21)
FNDA:10,(anonymous_22)
FNDA:20,(anonymous_23)
FNDA:16,(anonymous_24)
FNDA:1061,(anonymous_25)
FNDA:5495,(anonymous_26)
FNDA:104,(anonymous_27)
DA:6,1
DA:9,1058
DA:15,1058
DA:17,1058
DA:19,1058
DA:21,1057
DA:22,1057
DA:30,548
DA:36,410
DA:45,538
DA:46,538
DA:47,538
DA:48,3
DA:50,538
DA:56,1085
DA:57,1085
DA:58,1085
DA:64,63
DA:65,63
DA:66,63
DA:72,1067
DA:74,18
DA:77,18
DA:81,18
DA:82,18
DA:85,18
DA:91,1067
DA:92,1067
DA:93,1066
DA:95,1066
DA:96,79
DA:97,79
DA:100,1066
DA:105,1067
DA:106,1067
DA:109,1067
DA:110,1067
DA:112,1067
DA:115,1067
DA:116,1067
DA:117,1067
DA:120,1067
DA:122,1067
DA:128,1080
DA:129,1080
DA:131,1080
DA:132,1080
DA:134,1080
DA:135,87
DA:136,87
DA:139,1080
DA:147,798
DA:148,5
DA:160,221
DA:162,216
DA:164,216
DA:169,216
DA:170,216
DA:173,216
DA:176,216
DA:182,216
DA:184,216
DA:188,546
DA:189,546
DA:195,569
DA:199,77
DA:200,74
DA:204,77
DA:207,77
DA:210,77
DA:211,112
DA:212,112
DA:218,216
DA:219,216
DA:223,225
DA:226,9
DA:227,10
DA:231,9
DA:232,9
DA:238,20
DA:240,20
DA:245,20
DA:247,20
DA:248,16
DA:249,16
DA:250,16
DA:253,16
DA:254,15
DA:258,16
DA:264,16
DA:269,1061
DA:274,1061
DA:276,1061
DA:282,5495
DA:283,5495
DA:285,5495
DA:286,5495
DA:287,104
DA:290,5495
LF:99
LH:99
BRDA:15,1,0,1
BRDA:15,1,1,1057
BRDA:45,2,0,538
BRDA:45,2,1,0
BRDA:47,3,0,3
BRDA:47,3,1,535
BRDA:58,4,0,1085
BRDA:58,4,1,1079
BRDA:66,5,0,63
BRDA:66,5,1,63
BRDA:72,6,0,1049
BRDA:72,6,1,18
BRDA:105,7,0,1067
BRDA:105,7,1,1067
BRDA:106,8,0,3
BRDA:106,8,1,1064
BRDA:110,9,0,1067
BRDA:110,9,1,0
BRDA:115,10,0,1067
BRDA:115,10,1,1006
BRDA:117,11,0,1067
BRDA:117,11,1,1006
BRDA:147,12,0,5
BRDA:147,12,1,793
BRDA:160,13,0,5
BRDA:160,13,1,216
BRDA:195,14,0,492
BRDA:195,14,1,77
BRDA:199,15,0,74
BRDA:199,15,1,3
BRDA:223,16,0,216
BRDA:223,16,1,9
BRDA:223,17,0,225
BRDA:223,17,1,9
BRDA:240,18,0,1
BRDA:240,18,1,19
BRDA:245,19,0,1
BRDA:245,19,1,19
BRDA:248,20,0,16
BRDA:248,20,1,0
BRDA:249,21,0,16
BRDA:249,21,1,0
BRDA:249,22,0,16
BRDA:249,22,1,16
BRDA:253,23,0,15
BRDA:253,23,1,1
BRDA:253,24,0,16
BRDA:253,24,1,16
BRF:48
BRH:44
end_of_record
TN:
SF:src/marionette.itemview.js
FN:11,(anonymous_1)
FN:22,(anonymous_2)
FN:36,(anonymous_3)
FN:45,(anonymous_4)
FN:62,(anonymous_5)
FN:100,(anonymous_6)
FN:108,(anonymous_7)
FNF:7
FNH:7
FNDA:708,(anonymous_1)
FNDA:457,(anonymous_2)
FNDA:6,(anonymous_3)
FNDA:459,(anonymous_4)
FNDA:458,(anonymous_5)
FNDA:446,(anonymous_6)
FNDA:173,(anonymous_7)
DA:7,1
DA:12,708
DA:23,457
DA:25,457
DA:26,359
DA:28,98
DA:29,6
DA:32,457
DA:37,6
DA:46,459
DA:48,458
DA:50,458
DA:51,457
DA:53,457
DA:55,457
DA:63,458
DA:66,458
DA:67,9
DA:70,449
DA:71,1
DA:78,448
DA:79,448
DA:82,448
DA:83,448
DA:85,448
DA:101,446
DA:103,446
DA:109,173
DA:111,171
LF:29
LH:29
BRDA:25,1,0,359
BRDA:25,1,1,98
BRDA:28,2,0,6
BRDA:28,2,1,92
BRDA:66,3,0,9
BRDA:66,3,1,449
BRDA:70,4,0,1
BRDA:70,4,1,448
BRDA:109,5,0,2
BRDA:109,5,1,171
BRF:10
BRH:10
end_of_record
TN:
SF:src/marionette.layoutview.js
FN:15,(anonymous_1)
FN:28,(anonymous_2)
FN:45,(anonymous_3)
FN:53,(anonymous_4)
FN:61,(anonymous_5)
FN:67,(anonymous_6)
FN:76,(anonymous_7)
FN:81,(anonymous_8)
FN:86,(anonymous_9)
FN:91,(anonymous_10)
FN:99,(anonymous_11)
FN:128,(anonymous_12)
FN:130,(anonymous_13)
FN:138,(anonymous_14)
FN:144,(anonymous_15)
FN:147,(anonymous_16)
FN:151,(anonymous_17)
FN:156,(anonymous_18)
FN:160,(anonymous_19)
FNF:19
FNH:19
FNDA:63,(anonymous_1)
FNDA:55,(anonymous_2)
FNDA:11,(anonymous_3)
FNDA:16,(anonymous_4)
FNDA:63,(anonymous_5)
FNDA:5,(anonymous_6)
FNDA:11,(anonymous_7)
FNDA:1,(anonymous_8)
FNDA:79,(anonymous_9)
FNDA:43,(anonymous_10)
FNDA:63,(anonymous_11)
FNDA:12,(anonymous_12)
FNDA:18,(anonymous_13)
FNDA:61,(anonymous_14)
FNDA:63,(anonymous_15)
FNDA:97,(anonymous_16)
FNDA:97,(anonymous_17)
FNDA:17,(anonymous_18)
FNDA:17,(anonymous_19)
DA:10,1
DA:16,63
DA:18,63
DA:19,63
DA:21,63
DA:29,55
DA:31,54
DA:34,42
DA:38,12
DA:41,54
DA:46,11
DA:48,8
DA:49,8
DA:54,16
DA:55,16
DA:56,16
DA:57,16
DA:62,63
DA:63,63
DA:68,5
DA:69,5
DA:70,5
DA:77,11
DA:82,1
DA:87,79
DA:89,79
DA:91,43
DA:94,79
DA:100,63
DA:101,63
DA:103,63
DA:104,2
DA:106,61
DA:110,63
DA:113,63
DA:114,3
DA:117,63
DA:121,63
DA:123,63
DA:129,12
DA:130,12
DA:131,18
DA:139,61
DA:145,63
DA:147,63
DA:148,97
DA:151,63
DA:152,97
DA:153,97
DA:156,63
DA:157,17
DA:160,63
DA:161,17
DA:162,17
LF:54
LH:54
BRDA:16,1,0,63
BRDA:16,1,1,36
BRDA:31,2,0,42
BRDA:31,2,1,12
BRDA:46,3,0,3
BRDA:46,3,1,8
BRDA:103,4,0,2
BRDA:103,4,1,61
BRDA:106,5,0,61
BRDA:106,5,1,25
BRDA:113,6,0,3
BRDA:113,6,1,60
BRF:12
BRH:12
end_of_record
TN:
SF:src/marionette.collectionview.js
FN:19,(anonymous_1)
FN:39,(anonymous_2)
FN:44,(anonymous_3)
FN:49,(anonymous_4)
FN:57,(anonymous_5)
FN:63,(anonymous_6)
FN:73,(anonymous_7)
FN:79,(anonymous_8)
FN:92,(anonymous_9)
FN:100,(anonymous_10)
FN:107,(anonymous_11)
FN:114,(anonymous_12)
FN:126,(anonymous_13)
FN:132,(anonymous_14)
FN:134,(anonymous_15)
FN:147,(anonymous_16)
FN:163,(anonymous_17)
FN:165,(anonymous_18)
FN:173,(anonymous_19)
FN:190,(anonymous_20)
FN:202,(anonymous_21)
FN:209,(anonymous_22)
FN:251,(anonymous_23)
FN:268,(anonymous_24)
FN:286,(anonymous_25)
FN:296,(anonymous_26)
FN:304,(anonymous_27)
FN:315,(anonymous_28)
FN:334,(anonymous_29)
FN:341,(anonymous_30)
FN:350,(anonymous_31)
FN:370,(anonymous_32)
FN:375,(anonymous_33)
FN:382,(anonymous_34)
FN:389,(anonymous_35)
FN:409,(anonymous_36)
FN:414,(anonymous_37)
FN:428,(anonymous_38)
FN:434,(anonymous_39)
FN:439,(anonymous_40)
FN:451,(anonymous_41)
FN:460,(anonymous_42)
FN:465,(anonymous_43)
FNF:43
FNH:43
FNDA:280,(anonymous_1)
FNDA:714,(anonymous_2)
FNDA:219,(anonymous_3)
FNDA:218,(anonymous_4)
FNDA:218,(anonymous_5)
FNDA:216,(anonymous_6)
FNDA:23,(anonymous_7)
FNDA:160,(anonymous_8)
FNDA:53,(anonymous_9)
FNDA:25,(anonymous_10)
FNDA:15,(anonymous_11)
FNDA:192,(anonymous_12)
FNDA:14,(anonymous_13)
FNDA:22,(anonymous_14)
FNDA:60,(anonymous_15)
FNDA:284,(anonymous_16)
FNDA:219,(anonymous_17)
FNDA:421,(anonymous_18)
FNDA:151,(anonymous_19)
FNDA:337,(anonymous_20)
FNDA:149,(anonymous_21)
FNDA:46,(anonymous_22)
FNDA:299,(anonymous_23)
FNDA:478,(anonymous_24)
FNDA:628,(anonymous_25)
FNDA:378,(anonymous_26)
FNDA:115,(anonymous_27)
FNDA:478,(anonymous_28)
FNDA:526,(anonymous_29)
FNDA:524,(anonymous_30)
FNDA:150,(anonymous_31)
FNDA:617,(anonymous_32)
FNDA:337,(anonymous_33)
FNDA:138,(anonymous_34)
FNDA:504,(anonymous_35)
FNDA:106,(anonymous_36)
FNDA:46,(anonymous_37)
FNDA:89,(anonymous_38)
FNDA:279,(anonymous_39)
FNDA:27,(anonymous_40)
FNDA:312,(anonymous_41)
FNDA:524,(anonymous_42)
FNDA:1157,(anonymous_43)
DA:9,1
DA:20,280
DA:21,280
DA:23,280
DA:24,1
DA:27,279
DA:29,279
DA:31,279
DA:33,279
DA:40,714
DA:41,714
DA:45,219
DA:46,219
DA:50,218
DA:51,218
DA:52,218
DA:53,216
DA:54,216
DA:58,218
DA:59,3
DA:64,216
DA:65,3
DA:67,3
DA:74,23
DA:80,160
DA:81,158
DA:82,158
DA:83,158
DA:85,158
DA:86,156
DA:93,53
DA:94,53
DA:95,53
DA:96,53
DA:101,25
DA:102,25
DA:103,25
DA:108,15
DA:115,192
DA:116,190
DA:117,190
DA:118,189
DA:119,189
DA:127,14
DA:134,22
DA:135,60
DA:136,60
DA:139,22
DA:140,14
DA:148,284
DA:149,284
DA:151,284
DA:152,65
DA:154,219
DA:155,219
DA:156,219
DA:157,218
DA:158,216
DA:164,219
DA:165,219
DA:166,421
DA:167,420
DA:174,151
DA:176,151
DA:177,46
DA:179,46
DA:180,46
DA:181,46
DA:183,46
DA:191,337
DA:192,13
DA:194,13
DA:195,13
DA:197,13
DA:203,149
DA:212,46
DA:215,46
DA:216,2
DA:220,46
DA:223,46
DA:227,46
DA:228,0
DA:233,46
DA:236,46
DA:240,46
DA:241,0
DA:252,299
DA:254,299
DA:255,1
DA:261,298
DA:269,478
DA:270,478
DA:271,4
DA:274,478
DA:277,478
DA:279,478
DA:281,478
DA:287,628
DA:288,16
DA:291,612
DA:293,462
DA:296,462
DA:297,378
DA:298,0
DA:304,150
DA:305,115
DA:306,109
DA:317,478
DA:319,478
DA:323,478
DA:324,478
DA:326,478
DA:327,6
DA:330,478
DA:335,526
DA:336,526
DA:337,526
DA:342,524
DA:343,524
DA:352,150
DA:353,150
DA:355,150
DA:356,6
DA:358,150
DA:359,150
DA:360,150
DA:363,150
DA:366,150
DA:371,617
DA:376,337
DA:377,86
DA:383,138
DA:390,504
DA:394,398
DA:395,398
DA:401,106
DA:402,106
DA:410,106
DA:411,106
DA:412,106
DA:414,46
DA:415,46
DA:419,106
DA:420,0
DA:421,0
DA:424,106
DA:429,89
DA:435,279
DA:440,27
DA:442,23
DA:443,23
DA:444,23
DA:446,23
DA:452,312
DA:453,312
DA:454,312
DA:455,312
DA:461,524
DA:465,524
DA:466,1157
DA:467,1157
DA:468,1157
DA:470,1157
DA:471,1157
DA:474,1157
DA:475,19
DA:478,1157
LF:167
LH:162
BRDA:20,1,0,280
BRDA:20,1,1,25
BRDA:21,2,0,276
BRDA:21,2,1,4
BRDA:23,3,0,1
BRDA:23,3,1,279
BRDA:23,4,0,280
BRDA:23,4,1,237
BRDA:58,5,0,3
BRDA:58,5,1,215
BRDA:64,6,0,3
BRDA:64,6,1,213
BRDA:80,7,0,158
BRDA:80,7,1,2
BRDA:85,8,0,156
BRDA:85,8,1,2
BRDA:136,9,0,60
BRDA:136,9,1,54
BRDA:139,10,0,14
BRDA:139,10,1,8
BRDA:151,11,0,65
BRDA:151,11,1,219
BRDA:176,12,0,46
BRDA:176,12,1,105
BRDA:176,13,0,151
BRDA:176,13,1,85
BRDA:191,14,0,13
BRDA:191,14,1,324
BRDA:212,15,0,46
BRDA:212,15,1,38
BRDA:215,16,0,2
BRDA:215,16,1,44
BRDA:227,17,0,0
BRDA:227,17,1,46
BRDA:240,18,0,0
BRDA:240,18,1,46
BRDA:254,19,0,1
BRDA:254,19,1,298
BRDA:270,20,0,4
BRDA:270,20,1,474
BRDA:287,21,0,16
BRDA:287,21,1,612
BRDA:291,22,0,462
BRDA:291,22,1,150
BRDA:297,23,0,0
BRDA:297,23,1,378
BRDA:305,24,0,109
BRDA:305,24,1,6
BRDA:326,25,0,6
BRDA:326,25,1,472
BRDA:326,26,0,478
BRDA:326,26,1,10
BRDA:352,27,0,150
BRDA:352,27,1,0
BRDA:355,28,0,144
BRDA:355,28,1,6
BRDA:356,29,0,6
BRDA:356,29,1,0
BRDA:371,30,0,617
BRDA:371,30,1,587
BRDA:376,31,0,86
BRDA:376,31,1,251
BRDA:390,32,0,398
BRDA:390,32,1,106
BRDA:401,33,0,106
BRDA:401,33,1,0
BRDA:411,34,0,106
BRDA:411,34,1,102
BRDA:412,35,0,46
BRDA:412,35,1,60
BRDA:419,36,0,0
BRDA:419,36,1,106
BRDA:440,37,0,4
BRDA:440,37,1,23
BRDA:474,38,0,19
BRDA:474,38,1,1138
BRDA:474,39,0,1157
BRDA:474,39,1,1157
BRF:78
BRH:71
end_of_record
TN:
SF:src/marionette.compositeview.js
FN:16,(anonymous_1)
FN:23,(anonymous_2)
FN:43,(anonymous_3)
FN:59,(anonymous_4)
FN:72,(anonymous_5)
FN:86,(anonymous_6)
FN:94,(anonymous_7)
FN:124,(anonymous_8)
FN:131,(anonymous_9)
FN:139,(anonymous_10)
FN:146,(anonymous_11)
FN:179,(anonymous_12)
FNF:12
FNH:12
FNDA:98,(anonymous_1)
FNDA:79,(anonymous_2)
FNDA:179,(anonymous_3)
FNDA:92,(anonymous_4)
FNDA:92,(anonymous_5)
FNDA:94,(anonymous_6)
FNDA:90,(anonymous_7)
FNDA:88,(anonymous_8)
FNDA:80,(anonymous_9)
FNDA:17,(anonymous_10)
FNDA:97,(anonymous_11)
FNDA:91,(anonymous_12)
DA:9,1
DA:17,98
DA:28,79
DA:29,71
DA:30,71
DA:31,71
DA:33,71
DA:34,69
DA:44,179
DA:46,179
DA:47,0
DA:53,179
DA:60,92
DA:62,92
DA:63,50
DA:66,92
DA:73,92
DA:74,91
DA:75,91
DA:77,91
DA:79,91
DA:80,90
DA:82,88
DA:83,88
DA:87,94
DA:88,94
DA:95,90
DA:96,90
DA:97,90
DA:99,90
DA:101,90
DA:102,90
DA:103,89
DA:108,89
DA:109,89
DA:125,88
DA:127,88
DA:132,80
DA:133,78
DA:140,17
DA:141,17
DA:147,97
DA:148,18
DA:151,79
DA:152,79
DA:153,79
DA:155,9
DA:157,9
DA:158,2
DA:160,7
DA:163,9
DA:164,2
DA:171,70
DA:174,77
DA:175,77
DA:180,91
DA:181,11
LF:57
LH:56
BRDA:28,1,0,71
BRDA:28,1,1,8
BRDA:33,2,0,69
BRDA:33,2,1,2
BRDA:44,3,0,179
BRDA:44,3,1,6
BRDA:46,4,0,0
BRDA:46,4,1,179
BRDA:62,5,0,50
BRDA:62,5,1,42
BRDA:87,6,0,94
BRDA:87,6,1,0
BRDA:147,7,0,18
BRDA:147,7,1,79
BRDA:153,8,0,9
BRDA:153,8,1,70
BRDA:155,9,0,1
BRDA:155,9,1,8
BRDA:157,10,0,2
BRDA:157,10,1,7
BRDA:157,11,0,9
BRDA:157,11,1,2
BRDA:163,12,0,2
BRDA:163,12,1,7
BRDA:180,13,0,11
BRDA:180,13,1,80
BRF:26
BRH:24
end_of_record
TN:
SF:src/marionette.behavior.js
FN:9,(anonymous_1)
FN:10,Behavior
FN:22,(anonymous_3)
FN:32,(anonymous_4)
FN:35,(anonymous_5)
FN:39,(anonymous_6)
FNF:6
FNH:6
FNDA:1,(anonymous_1)
FNDA:79,Behavior
FNDA:21,(anonymous_3)
FNDA:32,(anonymous_4)
FNDA:10,(anonymous_5)
FNDA:78,(anonymous_6)
DA:9,1
DA:10,1
DA:15,79
DA:16,79
DA:17,79
DA:22,79
DA:23,21
DA:28,79
DA:31,1
DA:36,10
DA:40,78
DA:41,78
DA:62,1
DA:64,1
LF:14
LH:14
BRDA:16,1,0,79
BRDA:16,1,1,79
BRF:2
BRH:2
end_of_record
TN:
SF:src/marionette.behaviors.js
FN:11,(anonymous_1)
FN:13,Behaviors
FN:31,(anonymous_3)
FN:36,(anonymous_4)
FN:40,(anonymous_5)
FN:56,(anonymous_6)
FN:87,(anonymous_7)
FN:99,(anonymous_8)
FN:110,(anonymous_9)
FN:111,(anonymous_10)
FN:126,(anonymous_11)
FN:127,(anonymous_12)
FN:135,BehaviorTriggersBuilder
FN:144,(anonymous_14)
FN:150,(anonymous_15)
FN:161,(anonymous_16)
FN:163,(anonymous_17)
FNF:17
FNH:17
FNDA:1,(anonymous_1)
FNDA:1058,Behaviors
FNDA:61,(anonymous_3)
FNDA:61,(anonymous_4)
FNDA:79,(anonymous_5)
FNDA:62,(anonymous_6)
FNDA:1,(anonymous_7)
FNDA:75,(anonymous_8)
FNDA:132,(anonymous_9)
FNDA:75,(anonymous_10)
FNDA:57,(anonymous_11)
FNDA:114,(anonymous_12)
FNDA:61,BehaviorTriggersBuilder
FNDA:61,(anonymous_14)
FNDA:79,(anonymous_15)
FNDA:2,(anonymous_16)
FNDA:2,(anonymous_17)
DA:11,1
DA:13,1
DA:15,1058
DA:16,1001
DA:21,57
DA:26,57
DA:27,57
DA:30,1
DA:32,61
DA:33,61
DA:37,61
DA:38,61
DA:40,61
DA:41,79
DA:42,79
DA:43,79
DA:50,79
DA:54,79
DA:56,79
DA:62,62
DA:63,62
DA:64,62
DA:66,62
DA:69,79
DA:72,61
DA:76,1
DA:88,1
DA:100,75
DA:101,5
DA:105,70
DA:111,132
DA:112,75
DA:114,75
DA:115,75
DA:117,75
DA:127,57
DA:128,114
DA:135,1
DA:136,61
DA:137,61
DA:138,61
DA:139,61
DA:142,1
DA:145,61
DA:146,61
DA:151,79
DA:152,79
DA:154,79
DA:156,79
DA:163,2
DA:164,2
DA:167,2
DA:171,1
LF:53
LH:53
BRDA:15,1,0,1001
BRDA:15,1,1,57
BRDA:21,2,0,57
BRDA:21,2,1,57
BRDA:42,3,0,79
BRDA:42,3,1,32
BRDA:64,4,0,28
BRDA:64,4,1,34
BRDA:100,5,0,5
BRDA:100,5,1,70
BRDA:105,6,0,1
BRDA:105,6,1,69
BRDA:152,7,0,79
BRDA:152,7,1,77
BRF:14
BRH:14
end_of_record
TN:
SF:src/marionette.region.js
FN:9,(anonymous_1)
FN:51,(anonymous_2)
FN:71,(anonymous_3)
FN:79,(anonymous_4)
FN:96,(anonymous_5)
FN:112,(anonymous_6)
FN:133,(anonymous_7)
FN:195,(anonymous_8)
FN:208,(anonymous_9)
FN:214,(anonymous_10)
FN:222,(anonymous_11)
FN:240,(anonymous_12)
FN:254,(anonymous_13)
FN:262,(anonymous_14)
FN:270,(anonymous_15)
FNF:15
FNH:15
FNDA:509,(anonymous_1)
FNDA:303,(anonymous_2)
FNDA:38,(anonymous_3)
FNDA:235,(anonymous_4)
FNDA:45,(anonymous_5)
FNDA:27,(anonymous_6)
FNDA:158,(anonymous_7)
FNDA:165,(anonymous_8)
FNDA:599,(anonymous_9)
FNDA:154,(anonymous_10)
FNDA:263,(anonymous_11)
FNDA:77,(anonymous_12)
FNDA:4,(anonymous_13)
FNDA:6,(anonymous_14)
FNDA:21,(anonymous_15)
DA:9,1
DA:10,509
DA:11,509
DA:14,509
DA:16,509
DA:17,4
DA:23,505
DA:25,505
DA:26,1
DA:27,1
DA:35,1
DA:52,303
DA:53,38
DA:56,265
DA:57,235
DA:60,29
DA:61,27
DA:64,2
DA:72,38
DA:80,235
DA:81,235
DA:83,235
DA:84,212
DA:87,235
DA:95,233
DA:96,101
DA:97,45
DA:98,0
DA:100,45
DA:101,45
DA:102,44
DA:104,45
DA:108,233
DA:113,27
DA:121,1
DA:134,158
DA:136,157
DA:137,157
DA:138,157
DA:139,157
DA:142,157
DA:145,157
DA:148,157
DA:150,157
DA:151,23
DA:154,157
DA:155,149
DA:158,157
DA:165,154
DA:166,154
DA:168,154
DA:169,20
DA:172,154
DA:173,154
DA:175,154
DA:176,20
DA:179,154
DA:180,154
DA:182,154
DA:183,20
DA:186,154
DA:187,154
DA:189,154
DA:192,3
DA:196,165
DA:197,139
DA:198,139
DA:201,165
DA:202,1
DA:209,599
DA:216,154
DA:217,154
DA:223,263
DA:227,263
DA:229,77
DA:230,77
DA:231,77
DA:234,77
DA:235,77
DA:241,77
DA:243,77
DA:244,34
DA:245,43
DA:246,43
DA:255,4
DA:256,4
DA:263,6
DA:271,21
DA:273,21
DA:274,20
DA:277,21
DA:278,21
DA:290,1
LF:93
LH:92
BRDA:10,1,0,509
BRDA:10,1,1,126
BRDA:14,2,0,22
BRDA:14,2,1,487
BRDA:16,3,0,4
BRDA:16,3,1,505
BRDA:25,4,0,1
BRDA:25,4,1,504
BRDA:52,5,0,38
BRDA:52,5,1,265
BRDA:56,6,0,235
BRDA:56,6,1,29
BRDA:56,7,0,265
BRDA:56,7,1,52
BRDA:56,7,2,32
BRDA:60,8,0,27
BRDA:60,8,1,2
BRDA:80,9,0,235
BRDA:80,9,1,160
BRDA:83,10,0,212
BRDA:83,10,1,23
BRDA:83,11,0,235
BRDA:83,11,1,212
BRDA:95,12,0,101
BRDA:95,12,1,132
BRDA:97,13,0,0
BRDA:97,13,1,45
BRDA:101,14,0,44
BRDA:101,14,1,1
BRDA:136,15,0,157
BRDA:136,15,1,151
BRDA:145,16,0,157
BRDA:145,16,1,155
BRDA:148,17,0,157
BRDA:148,17,1,6
BRDA:150,18,0,23
BRDA:150,18,1,134
BRDA:154,19,0,149
BRDA:154,19,1,8
BRDA:158,20,0,154
BRDA:158,20,1,3
BRDA:168,21,0,20
BRDA:168,21,1,134
BRDA:175,22,0,20
BRDA:175,22,1,134
BRDA:182,23,0,20
BRDA:182,23,1,134
BRDA:196,24,0,139
BRDA:196,24,1,26
BRDA:201,25,0,1
BRDA:201,25,1,164
BRDA:201,26,0,165
BRDA:201,26,1,165
BRDA:227,27,0,186
BRDA:227,27,1,77
BRDA:243,28,0,34
BRDA:243,28,1,43
BRDA:243,29,0,77
BRDA:243,29,1,44
BRDA:245,30,0,43
BRDA:245,30,1,0
BRDA:273,31,0,20
BRDA:273,31,1,1
BRF:63
BRH:61
end_of_record
TN:
SF:src/marionette.regionManager.js
FN:5,(anonymous_1)
FN:8,(anonymous_2)
FN:17,(anonymous_3)
FN:24,(anonymous_4)
FN:42,(anonymous_5)
FN:60,(anonymous_6)
FN:66,(anonymous_7)
FN:71,(anonymous_8)
FN:80,(anonymous_9)
FN:82,(anonymous_10)
FN:91,(anonymous_11)
FN:93,(anonymous_12)
FN:102,(anonymous_13)
FN:108,(anonymous_14)
FN:114,(anonymous_15)
FN:124,(anonymous_16)
FNF:16
FNH:16
FNDA:1,(anonymous_1)
FNDA:277,(anonymous_2)
FNDA:288,(anonymous_3)
FNDA:236,(anonymous_4)
FNDA:280,(anonymous_5)
FNDA:47,(anonymous_6)
FNDA:48,(anonymous_7)
FNDA:18,(anonymous_8)
FNDA:18,(anonymous_9)
FNDA:27,(anonymous_10)
FNDA:17,(anonymous_11)
FNDA:25,(anonymous_12)
FNDA:13,(anonymous_13)
FNDA:279,(anonymous_14)
FNDA:45,(anonymous_15)
FNDA:324,(anonymous_16)
DA:5,1
DA:7,1
DA:9,277
DA:10,277
DA:18,288
DA:19,16
DA:22,288
DA:24,288
DA:25,236
DA:26,156
DA:29,236
DA:30,207
DA:33,236
DA:34,236
DA:37,288
DA:43,280
DA:45,280
DA:46,11
DA:48,269
DA:51,279
DA:53,279
DA:55,279
DA:56,279
DA:61,47
DA:67,48
DA:72,18
DA:73,18
DA:75,18
DA:81,18
DA:82,18
DA:83,27
DA:86,18
DA:92,17
DA:93,17
DA:94,25
DA:97,17
DA:103,13
DA:104,13
DA:109,279
DA:110,279
DA:115,45
DA:116,45
DA:117,45
DA:118,45
DA:119,45
DA:120,45
DA:125,324
DA:130,1
DA:132,1
LF:49
LH:49
BRDA:18,1,0,16
BRDA:18,1,1,272
BRDA:25,2,0,156
BRDA:25,2,1,80
BRDA:29,3,0,207
BRDA:29,3,1,29
BRDA:45,4,0,11
BRDA:45,4,1,269
BRF:8
BRH:8
end_of_record
TN:
SF:src/marionette.error.js
FN:6,(anonymous_1)
FN:24,(anonymous_2)
FN:30,(anonymous_3)
FNF:3
FNH:3
FNDA:47,(anonymous_1)
FNDA:47,(anonymous_2)
FNDA:13,(anonymous_3)
DA:1,1
DA:3,1
DA:7,47
DA:8,30
DA:9,30
DA:10,17
DA:11,13
DA:14,47
DA:15,47
DA:17,47
DA:19,47
DA:20,12
DA:25,47
DA:26,47
DA:31,13
DA:35,1
LF:16
LH:16
BRDA:7,1,0,30
BRDA:7,1,1,17
BRDA:10,2,0,13
BRDA:10,2,1,4
BRDA:19,3,0,12
BRDA:19,3,1,35
BRDA:25,4,0,47
BRDA:25,4,1,0
BRDA:31,5,0,10
BRDA:31,5,1,3
BRF:10
BRH:9
end_of_record
